g:/edk2/edk2/Build/EmulatorIA32/DEBUG_VS2019/IA32/CryptoPkg/Library/OpensslLib/OpensslLibCrypto/OUTPUT/OpensslLibConstructor.obj
g:/edk2/edk2/Build/EmulatorIA32/DEBUG_VS2019/IA32/CryptoPkg/Library/OpensslLib/OpensslLibCrypto/OUTPUT/openssl/crypto/aes/aes_cbc.obj
g:/edk2/edk2/Build/EmulatorIA32/DEBUG_VS2019/IA32/CryptoPkg/Library/OpensslLib/OpensslLibCrypto/OUTPUT/openssl/crypto/aes/aes_cfb.obj
g:/edk2/edk2/Build/EmulatorIA32/DEBUG_VS2019/IA32/CryptoPkg/Library/OpensslLib/OpensslLibCrypto/OUTPUT/openssl/crypto/aes/aes_core.obj
g:/edk2/edk2/Build/EmulatorIA32/DEBUG_VS2019/IA32/CryptoPkg/Library/OpensslLib/OpensslLibCrypto/OUTPUT/openssl/crypto/aes/aes_ecb.obj
g:/edk2/edk2/Build/EmulatorIA32/DEBUG_VS2019/IA32/CryptoPkg/Library/OpensslLib/OpensslLibCrypto/OUTPUT/openssl/crypto/aes/aes_ige.obj
g:/edk2/edk2/Build/EmulatorIA32/DEBUG_VS2019/IA32/CryptoPkg/Library/OpensslLib/OpensslLibCrypto/OUTPUT/openssl/crypto/aes/aes_misc.obj
g:/edk2/edk2/Build/EmulatorIA32/DEBUG_VS2019/IA32/CryptoPkg/Library/OpensslLib/OpensslLibCrypto/OUTPUT/openssl/crypto/aes/aes_ofb.obj
g:/edk2/edk2/Build/EmulatorIA32/DEBUG_VS2019/IA32/CryptoPkg/Library/OpensslLib/OpensslLibCrypto/OUTPUT/openssl/crypto/aes/aes_wrap.obj
g:/edk2/edk2/Build/EmulatorIA32/DEBUG_VS2019/IA32/CryptoPkg/Library/OpensslLib/OpensslLibCrypto/OUTPUT/openssl/crypto/asn1/a_bitstr.obj
g:/edk2/edk2/Build/EmulatorIA32/DEBUG_VS2019/IA32/CryptoPkg/Library/OpensslLib/OpensslLibCrypto/OUTPUT/openssl/crypto/asn1/a_d2i_fp.obj
g:/edk2/edk2/Build/EmulatorIA32/DEBUG_VS2019/IA32/CryptoPkg/Library/OpensslLib/OpensslLibCrypto/OUTPUT/openssl/crypto/asn1/a_digest.obj
g:/edk2/edk2/Build/EmulatorIA32/DEBUG_VS2019/IA32/CryptoPkg/Library/OpensslLib/OpensslLibCrypto/OUTPUT/openssl/crypto/asn1/a_dup.obj
g:/edk2/edk2/Build/EmulatorIA32/DEBUG_VS2019/IA32/CryptoPkg/Library/OpensslLib/OpensslLibCrypto/OUTPUT/openssl/crypto/asn1/a_gentm.obj
g:/edk2/edk2/Build/EmulatorIA32/DEBUG_VS2019/IA32/CryptoPkg/Library/OpensslLib/OpensslLibCrypto/OUTPUT/openssl/crypto/asn1/a_i2d_fp.obj
g:/edk2/edk2/Build/EmulatorIA32/DEBUG_VS2019/IA32/CryptoPkg/Library/OpensslLib/OpensslLibCrypto/OUTPUT/openssl/crypto/asn1/a_int.obj
g:/edk2/edk2/Build/EmulatorIA32/DEBUG_VS2019/IA32/CryptoPkg/Library/OpensslLib/OpensslLibCrypto/OUTPUT/openssl/crypto/asn1/a_mbstr.obj
g:/edk2/edk2/Build/EmulatorIA32/DEBUG_VS2019/IA32/CryptoPkg/Library/OpensslLib/OpensslLibCrypto/OUTPUT/openssl/crypto/asn1/a_object.obj
g:/edk2/edk2/Build/EmulatorIA32/DEBUG_VS2019/IA32/CryptoPkg/Library/OpensslLib/OpensslLibCrypto/OUTPUT/openssl/crypto/asn1/a_octet.obj
g:/edk2/edk2/Build/EmulatorIA32/DEBUG_VS2019/IA32/CryptoPkg/Library/OpensslLib/OpensslLibCrypto/OUTPUT/openssl/crypto/asn1/a_print.obj
g:/edk2/edk2/Build/EmulatorIA32/DEBUG_VS2019/IA32/CryptoPkg/Library/OpensslLib/OpensslLibCrypto/OUTPUT/openssl/crypto/asn1/a_sign.obj
g:/edk2/edk2/Build/EmulatorIA32/DEBUG_VS2019/IA32/CryptoPkg/Library/OpensslLib/OpensslLibCrypto/OUTPUT/openssl/crypto/asn1/a_strex.obj
g:/edk2/edk2/Build/EmulatorIA32/DEBUG_VS2019/IA32/CryptoPkg/Library/OpensslLib/OpensslLibCrypto/OUTPUT/openssl/crypto/asn1/a_strnid.obj
g:/edk2/edk2/Build/EmulatorIA32/DEBUG_VS2019/IA32/CryptoPkg/Library/OpensslLib/OpensslLibCrypto/OUTPUT/openssl/crypto/asn1/a_time.obj
g:/edk2/edk2/Build/EmulatorIA32/DEBUG_VS2019/IA32/CryptoPkg/Library/OpensslLib/OpensslLibCrypto/OUTPUT/openssl/crypto/asn1/a_type.obj
g:/edk2/edk2/Build/EmulatorIA32/DEBUG_VS2019/IA32/CryptoPkg/Library/OpensslLib/OpensslLibCrypto/OUTPUT/openssl/crypto/asn1/a_utctm.obj
g:/edk2/edk2/Build/EmulatorIA32/DEBUG_VS2019/IA32/CryptoPkg/Library/OpensslLib/OpensslLibCrypto/OUTPUT/openssl/crypto/asn1/a_utf8.obj
g:/edk2/edk2/Build/EmulatorIA32/DEBUG_VS2019/IA32/CryptoPkg/Library/OpensslLib/OpensslLibCrypto/OUTPUT/openssl/crypto/asn1/a_verify.obj
g:/edk2/edk2/Build/EmulatorIA32/DEBUG_VS2019/IA32/CryptoPkg/Library/OpensslLib/OpensslLibCrypto/OUTPUT/openssl/crypto/asn1/ameth_lib.obj
g:/edk2/edk2/Build/EmulatorIA32/DEBUG_VS2019/IA32/CryptoPkg/Library/OpensslLib/OpensslLibCrypto/OUTPUT/openssl/crypto/asn1/asn1_err.obj
g:/edk2/edk2/Build/EmulatorIA32/DEBUG_VS2019/IA32/CryptoPkg/Library/OpensslLib/OpensslLibCrypto/OUTPUT/openssl/crypto/asn1/asn1_gen.obj
g:/edk2/edk2/Build/EmulatorIA32/DEBUG_VS2019/IA32/CryptoPkg/Library/OpensslLib/OpensslLibCrypto/OUTPUT/openssl/crypto/asn1/asn1_item_list.obj
g:/edk2/edk2/Build/EmulatorIA32/DEBUG_VS2019/IA32/CryptoPkg/Library/OpensslLib/OpensslLibCrypto/OUTPUT/openssl/crypto/asn1/asn1_lib.obj
g:/edk2/edk2/Build/EmulatorIA32/DEBUG_VS2019/IA32/CryptoPkg/Library/OpensslLib/OpensslLibCrypto/OUTPUT/openssl/crypto/asn1/asn1_parse.obj
g:/edk2/edk2/Build/EmulatorIA32/DEBUG_VS2019/IA32/CryptoPkg/Library/OpensslLib/OpensslLibCrypto/OUTPUT/openssl/crypto/asn1/asn_mime.obj
g:/edk2/edk2/Build/EmulatorIA32/DEBUG_VS2019/IA32/CryptoPkg/Library/OpensslLib/OpensslLibCrypto/OUTPUT/openssl/crypto/asn1/asn_moid.obj
g:/edk2/edk2/Build/EmulatorIA32/DEBUG_VS2019/IA32/CryptoPkg/Library/OpensslLib/OpensslLibCrypto/OUTPUT/openssl/crypto/asn1/asn_mstbl.obj
g:/edk2/edk2/Build/EmulatorIA32/DEBUG_VS2019/IA32/CryptoPkg/Library/OpensslLib/OpensslLibCrypto/OUTPUT/openssl/crypto/asn1/asn_pack.obj
g:/edk2/edk2/Build/EmulatorIA32/DEBUG_VS2019/IA32/CryptoPkg/Library/OpensslLib/OpensslLibCrypto/OUTPUT/openssl/crypto/asn1/bio_asn1.obj
g:/edk2/edk2/Build/EmulatorIA32/DEBUG_VS2019/IA32/CryptoPkg/Library/OpensslLib/OpensslLibCrypto/OUTPUT/openssl/crypto/asn1/bio_ndef.obj
g:/edk2/edk2/Build/EmulatorIA32/DEBUG_VS2019/IA32/CryptoPkg/Library/OpensslLib/OpensslLibCrypto/OUTPUT/openssl/crypto/asn1/d2i_param.obj
g:/edk2/edk2/Build/EmulatorIA32/DEBUG_VS2019/IA32/CryptoPkg/Library/OpensslLib/OpensslLibCrypto/OUTPUT/openssl/crypto/asn1/d2i_pr.obj
g:/edk2/edk2/Build/EmulatorIA32/DEBUG_VS2019/IA32/CryptoPkg/Library/OpensslLib/OpensslLibCrypto/OUTPUT/openssl/crypto/asn1/d2i_pu.obj
g:/edk2/edk2/Build/EmulatorIA32/DEBUG_VS2019/IA32/CryptoPkg/Library/OpensslLib/OpensslLibCrypto/OUTPUT/openssl/crypto/asn1/evp_asn1.obj
g:/edk2/edk2/Build/EmulatorIA32/DEBUG_VS2019/IA32/CryptoPkg/Library/OpensslLib/OpensslLibCrypto/OUTPUT/openssl/crypto/asn1/f_int.obj
g:/edk2/edk2/Build/EmulatorIA32/DEBUG_VS2019/IA32/CryptoPkg/Library/OpensslLib/OpensslLibCrypto/OUTPUT/openssl/crypto/asn1/f_string.obj
g:/edk2/edk2/Build/EmulatorIA32/DEBUG_VS2019/IA32/CryptoPkg/Library/OpensslLib/OpensslLibCrypto/OUTPUT/openssl/crypto/asn1/i2d_evp.obj
g:/edk2/edk2/Build/EmulatorIA32/DEBUG_VS2019/IA32/CryptoPkg/Library/OpensslLib/OpensslLibCrypto/OUTPUT/openssl/crypto/asn1/nsseq.obj
g:/edk2/edk2/Build/EmulatorIA32/DEBUG_VS2019/IA32/CryptoPkg/Library/OpensslLib/OpensslLibCrypto/OUTPUT/openssl/crypto/asn1/p5_pbe.obj
g:/edk2/edk2/Build/EmulatorIA32/DEBUG_VS2019/IA32/CryptoPkg/Library/OpensslLib/OpensslLibCrypto/OUTPUT/openssl/crypto/asn1/p5_pbev2.obj
g:/edk2/edk2/Build/EmulatorIA32/DEBUG_VS2019/IA32/CryptoPkg/Library/OpensslLib/OpensslLibCrypto/OUTPUT/openssl/crypto/asn1/p5_scrypt.obj
g:/edk2/edk2/Build/EmulatorIA32/DEBUG_VS2019/IA32/CryptoPkg/Library/OpensslLib/OpensslLibCrypto/OUTPUT/openssl/crypto/asn1/p8_pkey.obj
g:/edk2/edk2/Build/EmulatorIA32/DEBUG_VS2019/IA32/CryptoPkg/Library/OpensslLib/OpensslLibCrypto/OUTPUT/openssl/crypto/asn1/t_bitst.obj
g:/edk2/edk2/Build/EmulatorIA32/DEBUG_VS2019/IA32/CryptoPkg/Library/OpensslLib/OpensslLibCrypto/OUTPUT/openssl/crypto/asn1/t_pkey.obj
g:/edk2/edk2/Build/EmulatorIA32/DEBUG_VS2019/IA32/CryptoPkg/Library/OpensslLib/OpensslLibCrypto/OUTPUT/openssl/crypto/asn1/t_spki.obj
g:/edk2/edk2/Build/EmulatorIA32/DEBUG_VS2019/IA32/CryptoPkg/Library/OpensslLib/OpensslLibCrypto/OUTPUT/openssl/crypto/asn1/tasn_dec.obj
g:/edk2/edk2/Build/EmulatorIA32/DEBUG_VS2019/IA32/CryptoPkg/Library/OpensslLib/OpensslLibCrypto/OUTPUT/openssl/crypto/asn1/tasn_enc.obj
g:/edk2/edk2/Build/EmulatorIA32/DEBUG_VS2019/IA32/CryptoPkg/Library/OpensslLib/OpensslLibCrypto/OUTPUT/openssl/crypto/asn1/tasn_fre.obj
g:/edk2/edk2/Build/EmulatorIA32/DEBUG_VS2019/IA32/CryptoPkg/Library/OpensslLib/OpensslLibCrypto/OUTPUT/openssl/crypto/asn1/tasn_new.obj
g:/edk2/edk2/Build/EmulatorIA32/DEBUG_VS2019/IA32/CryptoPkg/Library/OpensslLib/OpensslLibCrypto/OUTPUT/openssl/crypto/asn1/tasn_prn.obj
g:/edk2/edk2/Build/EmulatorIA32/DEBUG_VS2019/IA32/CryptoPkg/Library/OpensslLib/OpensslLibCrypto/OUTPUT/openssl/crypto/asn1/tasn_scn.obj
g:/edk2/edk2/Build/EmulatorIA32/DEBUG_VS2019/IA32/CryptoPkg/Library/OpensslLib/OpensslLibCrypto/OUTPUT/openssl/crypto/asn1/tasn_typ.obj
g:/edk2/edk2/Build/EmulatorIA32/DEBUG_VS2019/IA32/CryptoPkg/Library/OpensslLib/OpensslLibCrypto/OUTPUT/openssl/crypto/asn1/tasn_utl.obj
g:/edk2/edk2/Build/EmulatorIA32/DEBUG_VS2019/IA32/CryptoPkg/Library/OpensslLib/OpensslLibCrypto/OUTPUT/openssl/crypto/asn1/x_algor.obj
g:/edk2/edk2/Build/EmulatorIA32/DEBUG_VS2019/IA32/CryptoPkg/Library/OpensslLib/OpensslLibCrypto/OUTPUT/openssl/crypto/asn1/x_bignum.obj
g:/edk2/edk2/Build/EmulatorIA32/DEBUG_VS2019/IA32/CryptoPkg/Library/OpensslLib/OpensslLibCrypto/OUTPUT/openssl/crypto/asn1/x_info.obj
g:/edk2/edk2/Build/EmulatorIA32/DEBUG_VS2019/IA32/CryptoPkg/Library/OpensslLib/OpensslLibCrypto/OUTPUT/openssl/crypto/asn1/x_int64.obj
g:/edk2/edk2/Build/EmulatorIA32/DEBUG_VS2019/IA32/CryptoPkg/Library/OpensslLib/OpensslLibCrypto/OUTPUT/openssl/crypto/asn1/x_long.obj
g:/edk2/edk2/Build/EmulatorIA32/DEBUG_VS2019/IA32/CryptoPkg/Library/OpensslLib/OpensslLibCrypto/OUTPUT/openssl/crypto/asn1/x_pkey.obj
g:/edk2/edk2/Build/EmulatorIA32/DEBUG_VS2019/IA32/CryptoPkg/Library/OpensslLib/OpensslLibCrypto/OUTPUT/openssl/crypto/asn1/x_sig.obj
g:/edk2/edk2/Build/EmulatorIA32/DEBUG_VS2019/IA32/CryptoPkg/Library/OpensslLib/OpensslLibCrypto/OUTPUT/openssl/crypto/asn1/x_spki.obj
g:/edk2/edk2/Build/EmulatorIA32/DEBUG_VS2019/IA32/CryptoPkg/Library/OpensslLib/OpensslLibCrypto/OUTPUT/openssl/crypto/asn1/x_val.obj
g:/edk2/edk2/Build/EmulatorIA32/DEBUG_VS2019/IA32/CryptoPkg/Library/OpensslLib/OpensslLibCrypto/OUTPUT/openssl/crypto/async/arch/async_null.obj
g:/edk2/edk2/Build/EmulatorIA32/DEBUG_VS2019/IA32/CryptoPkg/Library/OpensslLib/OpensslLibCrypto/OUTPUT/openssl/crypto/async/arch/async_posix.obj
g:/edk2/edk2/Build/EmulatorIA32/DEBUG_VS2019/IA32/CryptoPkg/Library/OpensslLib/OpensslLibCrypto/OUTPUT/openssl/crypto/async/arch/async_win.obj
g:/edk2/edk2/Build/EmulatorIA32/DEBUG_VS2019/IA32/CryptoPkg/Library/OpensslLib/OpensslLibCrypto/OUTPUT/openssl/crypto/async/async.obj
g:/edk2/edk2/Build/EmulatorIA32/DEBUG_VS2019/IA32/CryptoPkg/Library/OpensslLib/OpensslLibCrypto/OUTPUT/openssl/crypto/async/async_err.obj
g:/edk2/edk2/Build/EmulatorIA32/DEBUG_VS2019/IA32/CryptoPkg/Library/OpensslLib/OpensslLibCrypto/OUTPUT/openssl/crypto/async/async_wait.obj
g:/edk2/edk2/Build/EmulatorIA32/DEBUG_VS2019/IA32/CryptoPkg/Library/OpensslLib/OpensslLibCrypto/OUTPUT/openssl/crypto/bio/bf_buff.obj
g:/edk2/edk2/Build/EmulatorIA32/DEBUG_VS2019/IA32/CryptoPkg/Library/OpensslLib/OpensslLibCrypto/OUTPUT/openssl/crypto/bio/bf_lbuf.obj
g:/edk2/edk2/Build/EmulatorIA32/DEBUG_VS2019/IA32/CryptoPkg/Library/OpensslLib/OpensslLibCrypto/OUTPUT/openssl/crypto/bio/bf_nbio.obj
g:/edk2/edk2/Build/EmulatorIA32/DEBUG_VS2019/IA32/CryptoPkg/Library/OpensslLib/OpensslLibCrypto/OUTPUT/openssl/crypto/bio/bf_null.obj
g:/edk2/edk2/Build/EmulatorIA32/DEBUG_VS2019/IA32/CryptoPkg/Library/OpensslLib/OpensslLibCrypto/OUTPUT/openssl/crypto/bio/bf_prefix.obj
g:/edk2/edk2/Build/EmulatorIA32/DEBUG_VS2019/IA32/CryptoPkg/Library/OpensslLib/OpensslLibCrypto/OUTPUT/openssl/crypto/bio/bf_readbuff.obj
g:/edk2/edk2/Build/EmulatorIA32/DEBUG_VS2019/IA32/CryptoPkg/Library/OpensslLib/OpensslLibCrypto/OUTPUT/openssl/crypto/bio/bio_addr.obj
g:/edk2/edk2/Build/EmulatorIA32/DEBUG_VS2019/IA32/CryptoPkg/Library/OpensslLib/OpensslLibCrypto/OUTPUT/openssl/crypto/bio/bio_cb.obj
g:/edk2/edk2/Build/EmulatorIA32/DEBUG_VS2019/IA32/CryptoPkg/Library/OpensslLib/OpensslLibCrypto/OUTPUT/openssl/crypto/bio/bio_dump.obj
g:/edk2/edk2/Build/EmulatorIA32/DEBUG_VS2019/IA32/CryptoPkg/Library/OpensslLib/OpensslLibCrypto/OUTPUT/openssl/crypto/bio/bio_err.obj
g:/edk2/edk2/Build/EmulatorIA32/DEBUG_VS2019/IA32/CryptoPkg/Library/OpensslLib/OpensslLibCrypto/OUTPUT/openssl/crypto/bio/bio_lib.obj
g:/edk2/edk2/Build/EmulatorIA32/DEBUG_VS2019/IA32/CryptoPkg/Library/OpensslLib/OpensslLibCrypto/OUTPUT/openssl/crypto/bio/bio_meth.obj
g:/edk2/edk2/Build/EmulatorIA32/DEBUG_VS2019/IA32/CryptoPkg/Library/OpensslLib/OpensslLibCrypto/OUTPUT/openssl/crypto/bio/bio_print.obj
g:/edk2/edk2/Build/EmulatorIA32/DEBUG_VS2019/IA32/CryptoPkg/Library/OpensslLib/OpensslLibCrypto/OUTPUT/openssl/crypto/bio/bio_sock.obj
g:/edk2/edk2/Build/EmulatorIA32/DEBUG_VS2019/IA32/CryptoPkg/Library/OpensslLib/OpensslLibCrypto/OUTPUT/openssl/crypto/bio/bio_sock2.obj
g:/edk2/edk2/Build/EmulatorIA32/DEBUG_VS2019/IA32/CryptoPkg/Library/OpensslLib/OpensslLibCrypto/OUTPUT/openssl/crypto/bio/bss_acpt.obj
g:/edk2/edk2/Build/EmulatorIA32/DEBUG_VS2019/IA32/CryptoPkg/Library/OpensslLib/OpensslLibCrypto/OUTPUT/openssl/crypto/bio/bss_bio.obj
g:/edk2/edk2/Build/EmulatorIA32/DEBUG_VS2019/IA32/CryptoPkg/Library/OpensslLib/OpensslLibCrypto/OUTPUT/openssl/crypto/bio/bss_conn.obj
g:/edk2/edk2/Build/EmulatorIA32/DEBUG_VS2019/IA32/CryptoPkg/Library/OpensslLib/OpensslLibCrypto/OUTPUT/openssl/crypto/bio/bss_core.obj
g:/edk2/edk2/Build/EmulatorIA32/DEBUG_VS2019/IA32/CryptoPkg/Library/OpensslLib/OpensslLibCrypto/OUTPUT/openssl/crypto/bio/bss_dgram.obj
g:/edk2/edk2/Build/EmulatorIA32/DEBUG_VS2019/IA32/CryptoPkg/Library/OpensslLib/OpensslLibCrypto/OUTPUT/openssl/crypto/bio/bss_fd.obj
g:/edk2/edk2/Build/EmulatorIA32/DEBUG_VS2019/IA32/CryptoPkg/Library/OpensslLib/OpensslLibCrypto/OUTPUT/openssl/crypto/bio/bss_file.obj
g:/edk2/edk2/Build/EmulatorIA32/DEBUG_VS2019/IA32/CryptoPkg/Library/OpensslLib/OpensslLibCrypto/OUTPUT/openssl/crypto/bio/bss_log.obj
g:/edk2/edk2/Build/EmulatorIA32/DEBUG_VS2019/IA32/CryptoPkg/Library/OpensslLib/OpensslLibCrypto/OUTPUT/openssl/crypto/bio/bss_mem.obj
g:/edk2/edk2/Build/EmulatorIA32/DEBUG_VS2019/IA32/CryptoPkg/Library/OpensslLib/OpensslLibCrypto/OUTPUT/openssl/crypto/bio/bss_null.obj
g:/edk2/edk2/Build/EmulatorIA32/DEBUG_VS2019/IA32/CryptoPkg/Library/OpensslLib/OpensslLibCrypto/OUTPUT/openssl/crypto/bio/bss_sock.obj
g:/edk2/edk2/Build/EmulatorIA32/DEBUG_VS2019/IA32/CryptoPkg/Library/OpensslLib/OpensslLibCrypto/OUTPUT/openssl/crypto/bio/ossl_core_bio.obj
g:/edk2/edk2/Build/EmulatorIA32/DEBUG_VS2019/IA32/CryptoPkg/Library/OpensslLib/OpensslLibCrypto/OUTPUT/openssl/crypto/bn/bn_add.obj
g:/edk2/edk2/Build/EmulatorIA32/DEBUG_VS2019/IA32/CryptoPkg/Library/OpensslLib/OpensslLibCrypto/OUTPUT/openssl/crypto/bn/bn_asm.obj
g:/edk2/edk2/Build/EmulatorIA32/DEBUG_VS2019/IA32/CryptoPkg/Library/OpensslLib/OpensslLibCrypto/OUTPUT/openssl/crypto/bn/bn_blind.obj
g:/edk2/edk2/Build/EmulatorIA32/DEBUG_VS2019/IA32/CryptoPkg/Library/OpensslLib/OpensslLibCrypto/OUTPUT/openssl/crypto/bn/bn_const.obj
g:/edk2/edk2/Build/EmulatorIA32/DEBUG_VS2019/IA32/CryptoPkg/Library/OpensslLib/OpensslLibCrypto/OUTPUT/openssl/crypto/bn/bn_conv.obj
g:/edk2/edk2/Build/EmulatorIA32/DEBUG_VS2019/IA32/CryptoPkg/Library/OpensslLib/OpensslLibCrypto/OUTPUT/openssl/crypto/bn/bn_ctx.obj
g:/edk2/edk2/Build/EmulatorIA32/DEBUG_VS2019/IA32/CryptoPkg/Library/OpensslLib/OpensslLibCrypto/OUTPUT/openssl/crypto/bn/bn_dh.obj
g:/edk2/edk2/Build/EmulatorIA32/DEBUG_VS2019/IA32/CryptoPkg/Library/OpensslLib/OpensslLibCrypto/OUTPUT/openssl/crypto/bn/bn_div.obj
g:/edk2/edk2/Build/EmulatorIA32/DEBUG_VS2019/IA32/CryptoPkg/Library/OpensslLib/OpensslLibCrypto/OUTPUT/openssl/crypto/bn/bn_err.obj
g:/edk2/edk2/Build/EmulatorIA32/DEBUG_VS2019/IA32/CryptoPkg/Library/OpensslLib/OpensslLibCrypto/OUTPUT/openssl/crypto/bn/bn_exp.obj
g:/edk2/edk2/Build/EmulatorIA32/DEBUG_VS2019/IA32/CryptoPkg/Library/OpensslLib/OpensslLibCrypto/OUTPUT/openssl/crypto/bn/bn_exp2.obj
g:/edk2/edk2/Build/EmulatorIA32/DEBUG_VS2019/IA32/CryptoPkg/Library/OpensslLib/OpensslLibCrypto/OUTPUT/openssl/crypto/bn/bn_gcd.obj
g:/edk2/edk2/Build/EmulatorIA32/DEBUG_VS2019/IA32/CryptoPkg/Library/OpensslLib/OpensslLibCrypto/OUTPUT/openssl/crypto/bn/bn_gf2m.obj
g:/edk2/edk2/Build/EmulatorIA32/DEBUG_VS2019/IA32/CryptoPkg/Library/OpensslLib/OpensslLibCrypto/OUTPUT/openssl/crypto/bn/bn_intern.obj
g:/edk2/edk2/Build/EmulatorIA32/DEBUG_VS2019/IA32/CryptoPkg/Library/OpensslLib/OpensslLibCrypto/OUTPUT/openssl/crypto/bn/bn_kron.obj
g:/edk2/edk2/Build/EmulatorIA32/DEBUG_VS2019/IA32/CryptoPkg/Library/OpensslLib/OpensslLibCrypto/OUTPUT/openssl/crypto/bn/bn_lib.obj
g:/edk2/edk2/Build/EmulatorIA32/DEBUG_VS2019/IA32/CryptoPkg/Library/OpensslLib/OpensslLibCrypto/OUTPUT/openssl/crypto/bn/bn_mod.obj
g:/edk2/edk2/Build/EmulatorIA32/DEBUG_VS2019/IA32/CryptoPkg/Library/OpensslLib/OpensslLibCrypto/OUTPUT/openssl/crypto/bn/bn_mont.obj
g:/edk2/edk2/Build/EmulatorIA32/DEBUG_VS2019/IA32/CryptoPkg/Library/OpensslLib/OpensslLibCrypto/OUTPUT/openssl/crypto/bn/bn_mpi.obj
g:/edk2/edk2/Build/EmulatorIA32/DEBUG_VS2019/IA32/CryptoPkg/Library/OpensslLib/OpensslLibCrypto/OUTPUT/openssl/crypto/bn/bn_mul.obj
g:/edk2/edk2/Build/EmulatorIA32/DEBUG_VS2019/IA32/CryptoPkg/Library/OpensslLib/OpensslLibCrypto/OUTPUT/openssl/crypto/bn/bn_nist.obj
g:/edk2/edk2/Build/EmulatorIA32/DEBUG_VS2019/IA32/CryptoPkg/Library/OpensslLib/OpensslLibCrypto/OUTPUT/openssl/crypto/bn/bn_prime.obj
g:/edk2/edk2/Build/EmulatorIA32/DEBUG_VS2019/IA32/CryptoPkg/Library/OpensslLib/OpensslLibCrypto/OUTPUT/openssl/crypto/bn/bn_print.obj
g:/edk2/edk2/Build/EmulatorIA32/DEBUG_VS2019/IA32/CryptoPkg/Library/OpensslLib/OpensslLibCrypto/OUTPUT/openssl/crypto/bn/bn_rand.obj
g:/edk2/edk2/Build/EmulatorIA32/DEBUG_VS2019/IA32/CryptoPkg/Library/OpensslLib/OpensslLibCrypto/OUTPUT/openssl/crypto/bn/bn_recp.obj
g:/edk2/edk2/Build/EmulatorIA32/DEBUG_VS2019/IA32/CryptoPkg/Library/OpensslLib/OpensslLibCrypto/OUTPUT/openssl/crypto/bn/bn_rsa_fips186_4.obj
g:/edk2/edk2/Build/EmulatorIA32/DEBUG_VS2019/IA32/CryptoPkg/Library/OpensslLib/OpensslLibCrypto/OUTPUT/openssl/crypto/bn/bn_shift.obj
g:/edk2/edk2/Build/EmulatorIA32/DEBUG_VS2019/IA32/CryptoPkg/Library/OpensslLib/OpensslLibCrypto/OUTPUT/openssl/crypto/bn/bn_sqr.obj
g:/edk2/edk2/Build/EmulatorIA32/DEBUG_VS2019/IA32/CryptoPkg/Library/OpensslLib/OpensslLibCrypto/OUTPUT/openssl/crypto/bn/bn_sqrt.obj
g:/edk2/edk2/Build/EmulatorIA32/DEBUG_VS2019/IA32/CryptoPkg/Library/OpensslLib/OpensslLibCrypto/OUTPUT/openssl/crypto/bn/bn_srp.obj
g:/edk2/edk2/Build/EmulatorIA32/DEBUG_VS2019/IA32/CryptoPkg/Library/OpensslLib/OpensslLibCrypto/OUTPUT/openssl/crypto/bn/bn_word.obj
g:/edk2/edk2/Build/EmulatorIA32/DEBUG_VS2019/IA32/CryptoPkg/Library/OpensslLib/OpensslLibCrypto/OUTPUT/openssl/crypto/bn/bn_x931p.obj
g:/edk2/edk2/Build/EmulatorIA32/DEBUG_VS2019/IA32/CryptoPkg/Library/OpensslLib/OpensslLibCrypto/OUTPUT/openssl/crypto/buffer/buf_err.obj
g:/edk2/edk2/Build/EmulatorIA32/DEBUG_VS2019/IA32/CryptoPkg/Library/OpensslLib/OpensslLibCrypto/OUTPUT/openssl/crypto/buffer/buffer.obj
g:/edk2/edk2/Build/EmulatorIA32/DEBUG_VS2019/IA32/CryptoPkg/Library/OpensslLib/OpensslLibCrypto/OUTPUT/openssl/crypto/comp/c_zlib.obj
g:/edk2/edk2/Build/EmulatorIA32/DEBUG_VS2019/IA32/CryptoPkg/Library/OpensslLib/OpensslLibCrypto/OUTPUT/openssl/crypto/comp/comp_err.obj
g:/edk2/edk2/Build/EmulatorIA32/DEBUG_VS2019/IA32/CryptoPkg/Library/OpensslLib/OpensslLibCrypto/OUTPUT/openssl/crypto/comp/comp_lib.obj
g:/edk2/edk2/Build/EmulatorIA32/DEBUG_VS2019/IA32/CryptoPkg/Library/OpensslLib/OpensslLibCrypto/OUTPUT/openssl/crypto/conf/conf_api.obj
g:/edk2/edk2/Build/EmulatorIA32/DEBUG_VS2019/IA32/CryptoPkg/Library/OpensslLib/OpensslLibCrypto/OUTPUT/openssl/crypto/conf/conf_def.obj
g:/edk2/edk2/Build/EmulatorIA32/DEBUG_VS2019/IA32/CryptoPkg/Library/OpensslLib/OpensslLibCrypto/OUTPUT/openssl/crypto/conf/conf_err.obj
g:/edk2/edk2/Build/EmulatorIA32/DEBUG_VS2019/IA32/CryptoPkg/Library/OpensslLib/OpensslLibCrypto/OUTPUT/openssl/crypto/conf/conf_lib.obj
g:/edk2/edk2/Build/EmulatorIA32/DEBUG_VS2019/IA32/CryptoPkg/Library/OpensslLib/OpensslLibCrypto/OUTPUT/openssl/crypto/conf/conf_mall.obj
g:/edk2/edk2/Build/EmulatorIA32/DEBUG_VS2019/IA32/CryptoPkg/Library/OpensslLib/OpensslLibCrypto/OUTPUT/openssl/crypto/conf/conf_mod.obj
g:/edk2/edk2/Build/EmulatorIA32/DEBUG_VS2019/IA32/CryptoPkg/Library/OpensslLib/OpensslLibCrypto/OUTPUT/openssl/crypto/conf/conf_sap.obj
g:/edk2/edk2/Build/EmulatorIA32/DEBUG_VS2019/IA32/CryptoPkg/Library/OpensslLib/OpensslLibCrypto/OUTPUT/openssl/crypto/conf/conf_ssl.obj
g:/edk2/edk2/Build/EmulatorIA32/DEBUG_VS2019/IA32/CryptoPkg/Library/OpensslLib/OpensslLibCrypto/OUTPUT/openssl/crypto/dh/dh_ameth.obj
g:/edk2/edk2/Build/EmulatorIA32/DEBUG_VS2019/IA32/CryptoPkg/Library/OpensslLib/OpensslLibCrypto/OUTPUT/openssl/crypto/dh/dh_asn1.obj
g:/edk2/edk2/Build/EmulatorIA32/DEBUG_VS2019/IA32/CryptoPkg/Library/OpensslLib/OpensslLibCrypto/OUTPUT/openssl/crypto/dh/dh_backend.obj
g:/edk2/edk2/Build/EmulatorIA32/DEBUG_VS2019/IA32/CryptoPkg/Library/OpensslLib/OpensslLibCrypto/OUTPUT/openssl/crypto/dh/dh_check.obj
g:/edk2/edk2/Build/EmulatorIA32/DEBUG_VS2019/IA32/CryptoPkg/Library/OpensslLib/OpensslLibCrypto/OUTPUT/openssl/crypto/dh/dh_err.obj
g:/edk2/edk2/Build/EmulatorIA32/DEBUG_VS2019/IA32/CryptoPkg/Library/OpensslLib/OpensslLibCrypto/OUTPUT/openssl/crypto/dh/dh_gen.obj
g:/edk2/edk2/Build/EmulatorIA32/DEBUG_VS2019/IA32/CryptoPkg/Library/OpensslLib/OpensslLibCrypto/OUTPUT/openssl/crypto/dh/dh_group_params.obj
g:/edk2/edk2/Build/EmulatorIA32/DEBUG_VS2019/IA32/CryptoPkg/Library/OpensslLib/OpensslLibCrypto/OUTPUT/openssl/crypto/dh/dh_kdf.obj
g:/edk2/edk2/Build/EmulatorIA32/DEBUG_VS2019/IA32/CryptoPkg/Library/OpensslLib/OpensslLibCrypto/OUTPUT/openssl/crypto/dh/dh_key.obj
g:/edk2/edk2/Build/EmulatorIA32/DEBUG_VS2019/IA32/CryptoPkg/Library/OpensslLib/OpensslLibCrypto/OUTPUT/openssl/crypto/dh/dh_lib.obj
g:/edk2/edk2/Build/EmulatorIA32/DEBUG_VS2019/IA32/CryptoPkg/Library/OpensslLib/OpensslLibCrypto/OUTPUT/openssl/crypto/dh/dh_meth.obj
g:/edk2/edk2/Build/EmulatorIA32/DEBUG_VS2019/IA32/CryptoPkg/Library/OpensslLib/OpensslLibCrypto/OUTPUT/openssl/crypto/dh/dh_pmeth.obj
g:/edk2/edk2/Build/EmulatorIA32/DEBUG_VS2019/IA32/CryptoPkg/Library/OpensslLib/OpensslLibCrypto/OUTPUT/openssl/crypto/dh/dh_prn.obj
g:/edk2/edk2/Build/EmulatorIA32/DEBUG_VS2019/IA32/CryptoPkg/Library/OpensslLib/OpensslLibCrypto/OUTPUT/openssl/crypto/dh/dh_rfc5114.obj
g:/edk2/edk2/Build/EmulatorIA32/DEBUG_VS2019/IA32/CryptoPkg/Library/OpensslLib/OpensslLibCrypto/OUTPUT/openssl/crypto/dso/dso_dl.obj
g:/edk2/edk2/Build/EmulatorIA32/DEBUG_VS2019/IA32/CryptoPkg/Library/OpensslLib/OpensslLibCrypto/OUTPUT/openssl/crypto/dso/dso_dlfcn.obj
g:/edk2/edk2/Build/EmulatorIA32/DEBUG_VS2019/IA32/CryptoPkg/Library/OpensslLib/OpensslLibCrypto/OUTPUT/openssl/crypto/dso/dso_err.obj
g:/edk2/edk2/Build/EmulatorIA32/DEBUG_VS2019/IA32/CryptoPkg/Library/OpensslLib/OpensslLibCrypto/OUTPUT/openssl/crypto/dso/dso_lib.obj
g:/edk2/edk2/Build/EmulatorIA32/DEBUG_VS2019/IA32/CryptoPkg/Library/OpensslLib/OpensslLibCrypto/OUTPUT/openssl/crypto/dso/dso_openssl.obj
g:/edk2/edk2/Build/EmulatorIA32/DEBUG_VS2019/IA32/CryptoPkg/Library/OpensslLib/OpensslLibCrypto/OUTPUT/openssl/crypto/dso/dso_vms.obj
g:/edk2/edk2/Build/EmulatorIA32/DEBUG_VS2019/IA32/CryptoPkg/Library/OpensslLib/OpensslLibCrypto/OUTPUT/openssl/crypto/dso/dso_win32.obj
g:/edk2/edk2/Build/EmulatorIA32/DEBUG_VS2019/IA32/CryptoPkg/Library/OpensslLib/OpensslLibCrypto/OUTPUT/openssl/crypto/encode_decode/decoder_err.obj
g:/edk2/edk2/Build/EmulatorIA32/DEBUG_VS2019/IA32/CryptoPkg/Library/OpensslLib/OpensslLibCrypto/OUTPUT/openssl/crypto/encode_decode/decoder_lib.obj
g:/edk2/edk2/Build/EmulatorIA32/DEBUG_VS2019/IA32/CryptoPkg/Library/OpensslLib/OpensslLibCrypto/OUTPUT/openssl/crypto/encode_decode/decoder_meth.obj
g:/edk2/edk2/Build/EmulatorIA32/DEBUG_VS2019/IA32/CryptoPkg/Library/OpensslLib/OpensslLibCrypto/OUTPUT/openssl/crypto/encode_decode/decoder_pkey.obj
g:/edk2/edk2/Build/EmulatorIA32/DEBUG_VS2019/IA32/CryptoPkg/Library/OpensslLib/OpensslLibCrypto/OUTPUT/openssl/crypto/err/err.obj
g:/edk2/edk2/Build/EmulatorIA32/DEBUG_VS2019/IA32/CryptoPkg/Library/OpensslLib/OpensslLibCrypto/OUTPUT/openssl/crypto/err/err_all.obj
g:/edk2/edk2/Build/EmulatorIA32/DEBUG_VS2019/IA32/CryptoPkg/Library/OpensslLib/OpensslLibCrypto/OUTPUT/openssl/crypto/err/err_all_legacy.obj
g:/edk2/edk2/Build/EmulatorIA32/DEBUG_VS2019/IA32/CryptoPkg/Library/OpensslLib/OpensslLibCrypto/OUTPUT/openssl/crypto/err/err_blocks.obj
g:/edk2/edk2/Build/EmulatorIA32/DEBUG_VS2019/IA32/CryptoPkg/Library/OpensslLib/OpensslLibCrypto/OUTPUT/openssl/crypto/err/err_prn.obj
g:/edk2/edk2/Build/EmulatorIA32/DEBUG_VS2019/IA32/CryptoPkg/Library/OpensslLib/OpensslLibCrypto/OUTPUT/openssl/crypto/ess/ess_asn1.obj
g:/edk2/edk2/Build/EmulatorIA32/DEBUG_VS2019/IA32/CryptoPkg/Library/OpensslLib/OpensslLibCrypto/OUTPUT/openssl/crypto/ess/ess_err.obj
g:/edk2/edk2/Build/EmulatorIA32/DEBUG_VS2019/IA32/CryptoPkg/Library/OpensslLib/OpensslLibCrypto/OUTPUT/openssl/crypto/ess/ess_lib.obj
g:/edk2/edk2/Build/EmulatorIA32/DEBUG_VS2019/IA32/CryptoPkg/Library/OpensslLib/OpensslLibCrypto/OUTPUT/openssl/crypto/evp/asymcipher.obj
g:/edk2/edk2/Build/EmulatorIA32/DEBUG_VS2019/IA32/CryptoPkg/Library/OpensslLib/OpensslLibCrypto/OUTPUT/openssl/crypto/evp/bio_b64.obj
g:/edk2/edk2/Build/EmulatorIA32/DEBUG_VS2019/IA32/CryptoPkg/Library/OpensslLib/OpensslLibCrypto/OUTPUT/openssl/crypto/evp/bio_enc.obj
g:/edk2/edk2/Build/EmulatorIA32/DEBUG_VS2019/IA32/CryptoPkg/Library/OpensslLib/OpensslLibCrypto/OUTPUT/openssl/crypto/evp/bio_md.obj
g:/edk2/edk2/Build/EmulatorIA32/DEBUG_VS2019/IA32/CryptoPkg/Library/OpensslLib/OpensslLibCrypto/OUTPUT/openssl/crypto/evp/bio_ok.obj
g:/edk2/edk2/Build/EmulatorIA32/DEBUG_VS2019/IA32/CryptoPkg/Library/OpensslLib/OpensslLibCrypto/OUTPUT/openssl/crypto/evp/c_allc.obj
g:/edk2/edk2/Build/EmulatorIA32/DEBUG_VS2019/IA32/CryptoPkg/Library/OpensslLib/OpensslLibCrypto/OUTPUT/openssl/crypto/evp/c_alld.obj
g:/edk2/edk2/Build/EmulatorIA32/DEBUG_VS2019/IA32/CryptoPkg/Library/OpensslLib/OpensslLibCrypto/OUTPUT/openssl/crypto/evp/cmeth_lib.obj
g:/edk2/edk2/Build/EmulatorIA32/DEBUG_VS2019/IA32/CryptoPkg/Library/OpensslLib/OpensslLibCrypto/OUTPUT/openssl/crypto/evp/ctrl_params_translate.obj
g:/edk2/edk2/Build/EmulatorIA32/DEBUG_VS2019/IA32/CryptoPkg/Library/OpensslLib/OpensslLibCrypto/OUTPUT/openssl/crypto/evp/dh_ctrl.obj
g:/edk2/edk2/Build/EmulatorIA32/DEBUG_VS2019/IA32/CryptoPkg/Library/OpensslLib/OpensslLibCrypto/OUTPUT/openssl/crypto/evp/dh_support.obj
g:/edk2/edk2/Build/EmulatorIA32/DEBUG_VS2019/IA32/CryptoPkg/Library/OpensslLib/OpensslLibCrypto/OUTPUT/openssl/crypto/evp/digest.obj
g:/edk2/edk2/Build/EmulatorIA32/DEBUG_VS2019/IA32/CryptoPkg/Library/OpensslLib/OpensslLibCrypto/OUTPUT/openssl/crypto/evp/dsa_ctrl.obj
g:/edk2/edk2/Build/EmulatorIA32/DEBUG_VS2019/IA32/CryptoPkg/Library/OpensslLib/OpensslLibCrypto/OUTPUT/openssl/crypto/evp/e_aes.obj
g:/edk2/edk2/Build/EmulatorIA32/DEBUG_VS2019/IA32/CryptoPkg/Library/OpensslLib/OpensslLibCrypto/OUTPUT/openssl/crypto/evp/e_aes_cbc_hmac_sha1.obj
g:/edk2/edk2/Build/EmulatorIA32/DEBUG_VS2019/IA32/CryptoPkg/Library/OpensslLib/OpensslLibCrypto/OUTPUT/openssl/crypto/evp/e_aes_cbc_hmac_sha256.obj
g:/edk2/edk2/Build/EmulatorIA32/DEBUG_VS2019/IA32/CryptoPkg/Library/OpensslLib/OpensslLibCrypto/OUTPUT/openssl/crypto/evp/e_aria.obj
g:/edk2/edk2/Build/EmulatorIA32/DEBUG_VS2019/IA32/CryptoPkg/Library/OpensslLib/OpensslLibCrypto/OUTPUT/openssl/crypto/evp/e_bf.obj
g:/edk2/edk2/Build/EmulatorIA32/DEBUG_VS2019/IA32/CryptoPkg/Library/OpensslLib/OpensslLibCrypto/OUTPUT/openssl/crypto/evp/e_cast.obj
g:/edk2/edk2/Build/EmulatorIA32/DEBUG_VS2019/IA32/CryptoPkg/Library/OpensslLib/OpensslLibCrypto/OUTPUT/openssl/crypto/evp/e_chacha20_poly1305.obj
g:/edk2/edk2/Build/EmulatorIA32/DEBUG_VS2019/IA32/CryptoPkg/Library/OpensslLib/OpensslLibCrypto/OUTPUT/openssl/crypto/evp/e_des.obj
g:/edk2/edk2/Build/EmulatorIA32/DEBUG_VS2019/IA32/CryptoPkg/Library/OpensslLib/OpensslLibCrypto/OUTPUT/openssl/crypto/evp/e_des3.obj
g:/edk2/edk2/Build/EmulatorIA32/DEBUG_VS2019/IA32/CryptoPkg/Library/OpensslLib/OpensslLibCrypto/OUTPUT/openssl/crypto/evp/e_idea.obj
g:/edk2/edk2/Build/EmulatorIA32/DEBUG_VS2019/IA32/CryptoPkg/Library/OpensslLib/OpensslLibCrypto/OUTPUT/openssl/crypto/evp/e_null.obj
g:/edk2/edk2/Build/EmulatorIA32/DEBUG_VS2019/IA32/CryptoPkg/Library/OpensslLib/OpensslLibCrypto/OUTPUT/openssl/crypto/evp/e_rc2.obj
g:/edk2/edk2/Build/EmulatorIA32/DEBUG_VS2019/IA32/CryptoPkg/Library/OpensslLib/OpensslLibCrypto/OUTPUT/openssl/crypto/evp/e_rc4.obj
g:/edk2/edk2/Build/EmulatorIA32/DEBUG_VS2019/IA32/CryptoPkg/Library/OpensslLib/OpensslLibCrypto/OUTPUT/openssl/crypto/evp/e_rc4_hmac_md5.obj
g:/edk2/edk2/Build/EmulatorIA32/DEBUG_VS2019/IA32/CryptoPkg/Library/OpensslLib/OpensslLibCrypto/OUTPUT/openssl/crypto/evp/e_rc5.obj
g:/edk2/edk2/Build/EmulatorIA32/DEBUG_VS2019/IA32/CryptoPkg/Library/OpensslLib/OpensslLibCrypto/OUTPUT/openssl/crypto/evp/e_sm4.obj
g:/edk2/edk2/Build/EmulatorIA32/DEBUG_VS2019/IA32/CryptoPkg/Library/OpensslLib/OpensslLibCrypto/OUTPUT/openssl/crypto/evp/e_xcbc_d.obj
g:/edk2/edk2/Build/EmulatorIA32/DEBUG_VS2019/IA32/CryptoPkg/Library/OpensslLib/OpensslLibCrypto/OUTPUT/openssl/crypto/evp/ec_ctrl.obj
g:/edk2/edk2/Build/EmulatorIA32/DEBUG_VS2019/IA32/CryptoPkg/Library/OpensslLib/OpensslLibCrypto/OUTPUT/openssl/crypto/evp/ec_support.obj
g:/edk2/edk2/Build/EmulatorIA32/DEBUG_VS2019/IA32/CryptoPkg/Library/OpensslLib/OpensslLibCrypto/OUTPUT/openssl/crypto/evp/encode.obj
g:/edk2/edk2/Build/EmulatorIA32/DEBUG_VS2019/IA32/CryptoPkg/Library/OpensslLib/OpensslLibCrypto/OUTPUT/openssl/crypto/evp/evp_cnf.obj
g:/edk2/edk2/Build/EmulatorIA32/DEBUG_VS2019/IA32/CryptoPkg/Library/OpensslLib/OpensslLibCrypto/OUTPUT/openssl/crypto/evp/evp_enc.obj
g:/edk2/edk2/Build/EmulatorIA32/DEBUG_VS2019/IA32/CryptoPkg/Library/OpensslLib/OpensslLibCrypto/OUTPUT/openssl/crypto/evp/evp_err.obj
g:/edk2/edk2/Build/EmulatorIA32/DEBUG_VS2019/IA32/CryptoPkg/Library/OpensslLib/OpensslLibCrypto/OUTPUT/openssl/crypto/evp/evp_fetch.obj
g:/edk2/edk2/Build/EmulatorIA32/DEBUG_VS2019/IA32/CryptoPkg/Library/OpensslLib/OpensslLibCrypto/OUTPUT/openssl/crypto/evp/evp_key.obj
g:/edk2/edk2/Build/EmulatorIA32/DEBUG_VS2019/IA32/CryptoPkg/Library/OpensslLib/OpensslLibCrypto/OUTPUT/openssl/crypto/evp/evp_lib.obj
g:/edk2/edk2/Build/EmulatorIA32/DEBUG_VS2019/IA32/CryptoPkg/Library/OpensslLib/OpensslLibCrypto/OUTPUT/openssl/crypto/evp/evp_pbe.obj
g:/edk2/edk2/Build/EmulatorIA32/DEBUG_VS2019/IA32/CryptoPkg/Library/OpensslLib/OpensslLibCrypto/OUTPUT/openssl/crypto/evp/evp_pkey.obj
g:/edk2/edk2/Build/EmulatorIA32/DEBUG_VS2019/IA32/CryptoPkg/Library/OpensslLib/OpensslLibCrypto/OUTPUT/openssl/crypto/evp/evp_rand.obj
g:/edk2/edk2/Build/EmulatorIA32/DEBUG_VS2019/IA32/CryptoPkg/Library/OpensslLib/OpensslLibCrypto/OUTPUT/openssl/crypto/evp/evp_utils.obj
g:/edk2/edk2/Build/EmulatorIA32/DEBUG_VS2019/IA32/CryptoPkg/Library/OpensslLib/OpensslLibCrypto/OUTPUT/openssl/crypto/evp/exchange.obj
g:/edk2/edk2/Build/EmulatorIA32/DEBUG_VS2019/IA32/CryptoPkg/Library/OpensslLib/OpensslLibCrypto/OUTPUT/openssl/crypto/evp/kdf_lib.obj
g:/edk2/edk2/Build/EmulatorIA32/DEBUG_VS2019/IA32/CryptoPkg/Library/OpensslLib/OpensslLibCrypto/OUTPUT/openssl/crypto/evp/kdf_meth.obj
g:/edk2/edk2/Build/EmulatorIA32/DEBUG_VS2019/IA32/CryptoPkg/Library/OpensslLib/OpensslLibCrypto/OUTPUT/openssl/crypto/evp/kem.obj
g:/edk2/edk2/Build/EmulatorIA32/DEBUG_VS2019/IA32/CryptoPkg/Library/OpensslLib/OpensslLibCrypto/OUTPUT/openssl/crypto/evp/keymgmt_lib.obj
g:/edk2/edk2/Build/EmulatorIA32/DEBUG_VS2019/IA32/CryptoPkg/Library/OpensslLib/OpensslLibCrypto/OUTPUT/openssl/crypto/evp/keymgmt_meth.obj
g:/edk2/edk2/Build/EmulatorIA32/DEBUG_VS2019/IA32/CryptoPkg/Library/OpensslLib/OpensslLibCrypto/OUTPUT/openssl/crypto/evp/legacy_md5.obj
g:/edk2/edk2/Build/EmulatorIA32/DEBUG_VS2019/IA32/CryptoPkg/Library/OpensslLib/OpensslLibCrypto/OUTPUT/openssl/crypto/evp/legacy_md5_sha1.obj
g:/edk2/edk2/Build/EmulatorIA32/DEBUG_VS2019/IA32/CryptoPkg/Library/OpensslLib/OpensslLibCrypto/OUTPUT/openssl/crypto/evp/legacy_sha.obj
g:/edk2/edk2/Build/EmulatorIA32/DEBUG_VS2019/IA32/CryptoPkg/Library/OpensslLib/OpensslLibCrypto/OUTPUT/openssl/crypto/evp/m_null.obj
g:/edk2/edk2/Build/EmulatorIA32/DEBUG_VS2019/IA32/CryptoPkg/Library/OpensslLib/OpensslLibCrypto/OUTPUT/openssl/crypto/evp/m_sigver.obj
g:/edk2/edk2/Build/EmulatorIA32/DEBUG_VS2019/IA32/CryptoPkg/Library/OpensslLib/OpensslLibCrypto/OUTPUT/openssl/crypto/evp/mac_lib.obj
g:/edk2/edk2/Build/EmulatorIA32/DEBUG_VS2019/IA32/CryptoPkg/Library/OpensslLib/OpensslLibCrypto/OUTPUT/openssl/crypto/evp/mac_meth.obj
g:/edk2/edk2/Build/EmulatorIA32/DEBUG_VS2019/IA32/CryptoPkg/Library/OpensslLib/OpensslLibCrypto/OUTPUT/openssl/crypto/evp/names.obj
g:/edk2/edk2/Build/EmulatorIA32/DEBUG_VS2019/IA32/CryptoPkg/Library/OpensslLib/OpensslLibCrypto/OUTPUT/openssl/crypto/evp/p5_crpt.obj
g:/edk2/edk2/Build/EmulatorIA32/DEBUG_VS2019/IA32/CryptoPkg/Library/OpensslLib/OpensslLibCrypto/OUTPUT/openssl/crypto/evp/p5_crpt2.obj
g:/edk2/edk2/Build/EmulatorIA32/DEBUG_VS2019/IA32/CryptoPkg/Library/OpensslLib/OpensslLibCrypto/OUTPUT/openssl/crypto/evp/p_dec.obj
g:/edk2/edk2/Build/EmulatorIA32/DEBUG_VS2019/IA32/CryptoPkg/Library/OpensslLib/OpensslLibCrypto/OUTPUT/openssl/crypto/evp/p_enc.obj
g:/edk2/edk2/Build/EmulatorIA32/DEBUG_VS2019/IA32/CryptoPkg/Library/OpensslLib/OpensslLibCrypto/OUTPUT/openssl/crypto/evp/p_legacy.obj
g:/edk2/edk2/Build/EmulatorIA32/DEBUG_VS2019/IA32/CryptoPkg/Library/OpensslLib/OpensslLibCrypto/OUTPUT/openssl/crypto/evp/p_lib.obj
g:/edk2/edk2/Build/EmulatorIA32/DEBUG_VS2019/IA32/CryptoPkg/Library/OpensslLib/OpensslLibCrypto/OUTPUT/openssl/crypto/evp/p_open.obj
g:/edk2/edk2/Build/EmulatorIA32/DEBUG_VS2019/IA32/CryptoPkg/Library/OpensslLib/OpensslLibCrypto/OUTPUT/openssl/crypto/evp/p_seal.obj
g:/edk2/edk2/Build/EmulatorIA32/DEBUG_VS2019/IA32/CryptoPkg/Library/OpensslLib/OpensslLibCrypto/OUTPUT/openssl/crypto/evp/p_sign.obj
g:/edk2/edk2/Build/EmulatorIA32/DEBUG_VS2019/IA32/CryptoPkg/Library/OpensslLib/OpensslLibCrypto/OUTPUT/openssl/crypto/evp/p_verify.obj
g:/edk2/edk2/Build/EmulatorIA32/DEBUG_VS2019/IA32/CryptoPkg/Library/OpensslLib/OpensslLibCrypto/OUTPUT/openssl/crypto/evp/pbe_scrypt.obj
g:/edk2/edk2/Build/EmulatorIA32/DEBUG_VS2019/IA32/CryptoPkg/Library/OpensslLib/OpensslLibCrypto/OUTPUT/openssl/crypto/evp/pmeth_check.obj
g:/edk2/edk2/Build/EmulatorIA32/DEBUG_VS2019/IA32/CryptoPkg/Library/OpensslLib/OpensslLibCrypto/OUTPUT/openssl/crypto/evp/pmeth_gn.obj
g:/edk2/edk2/Build/EmulatorIA32/DEBUG_VS2019/IA32/CryptoPkg/Library/OpensslLib/OpensslLibCrypto/OUTPUT/openssl/crypto/evp/pmeth_lib.obj
g:/edk2/edk2/Build/EmulatorIA32/DEBUG_VS2019/IA32/CryptoPkg/Library/OpensslLib/OpensslLibCrypto/OUTPUT/openssl/crypto/evp/signature.obj
g:/edk2/edk2/Build/EmulatorIA32/DEBUG_VS2019/IA32/CryptoPkg/Library/OpensslLib/OpensslLibCrypto/OUTPUT/openssl/crypto/ffc/ffc_backend.obj
g:/edk2/edk2/Build/EmulatorIA32/DEBUG_VS2019/IA32/CryptoPkg/Library/OpensslLib/OpensslLibCrypto/OUTPUT/openssl/crypto/ffc/ffc_dh.obj
g:/edk2/edk2/Build/EmulatorIA32/DEBUG_VS2019/IA32/CryptoPkg/Library/OpensslLib/OpensslLibCrypto/OUTPUT/openssl/crypto/ffc/ffc_key_generate.obj
g:/edk2/edk2/Build/EmulatorIA32/DEBUG_VS2019/IA32/CryptoPkg/Library/OpensslLib/OpensslLibCrypto/OUTPUT/openssl/crypto/ffc/ffc_key_validate.obj
g:/edk2/edk2/Build/EmulatorIA32/DEBUG_VS2019/IA32/CryptoPkg/Library/OpensslLib/OpensslLibCrypto/OUTPUT/openssl/crypto/ffc/ffc_params.obj
g:/edk2/edk2/Build/EmulatorIA32/DEBUG_VS2019/IA32/CryptoPkg/Library/OpensslLib/OpensslLibCrypto/OUTPUT/openssl/crypto/ffc/ffc_params_generate.obj
g:/edk2/edk2/Build/EmulatorIA32/DEBUG_VS2019/IA32/CryptoPkg/Library/OpensslLib/OpensslLibCrypto/OUTPUT/openssl/crypto/ffc/ffc_params_validate.obj
g:/edk2/edk2/Build/EmulatorIA32/DEBUG_VS2019/IA32/CryptoPkg/Library/OpensslLib/OpensslLibCrypto/OUTPUT/openssl/crypto/hmac/hmac.obj
g:/edk2/edk2/Build/EmulatorIA32/DEBUG_VS2019/IA32/CryptoPkg/Library/OpensslLib/OpensslLibCrypto/OUTPUT/openssl/crypto/http/http_client.obj
g:/edk2/edk2/Build/EmulatorIA32/DEBUG_VS2019/IA32/CryptoPkg/Library/OpensslLib/OpensslLibCrypto/OUTPUT/openssl/crypto/http/http_err.obj
g:/edk2/edk2/Build/EmulatorIA32/DEBUG_VS2019/IA32/CryptoPkg/Library/OpensslLib/OpensslLibCrypto/OUTPUT/openssl/crypto/http/http_lib.obj
g:/edk2/edk2/Build/EmulatorIA32/DEBUG_VS2019/IA32/CryptoPkg/Library/OpensslLib/OpensslLibCrypto/OUTPUT/openssl/crypto/kdf/kdf_err.obj
g:/edk2/edk2/Build/EmulatorIA32/DEBUG_VS2019/IA32/CryptoPkg/Library/OpensslLib/OpensslLibCrypto/OUTPUT/openssl/crypto/lhash/lh_stats.obj
g:/edk2/edk2/Build/EmulatorIA32/DEBUG_VS2019/IA32/CryptoPkg/Library/OpensslLib/OpensslLibCrypto/OUTPUT/openssl/crypto/lhash/lhash.obj
g:/edk2/edk2/Build/EmulatorIA32/DEBUG_VS2019/IA32/CryptoPkg/Library/OpensslLib/OpensslLibCrypto/OUTPUT/openssl/crypto/asn1_dsa.obj
g:/edk2/edk2/Build/EmulatorIA32/DEBUG_VS2019/IA32/CryptoPkg/Library/OpensslLib/OpensslLibCrypto/OUTPUT/openssl/crypto/bsearch.obj
g:/edk2/edk2/Build/EmulatorIA32/DEBUG_VS2019/IA32/CryptoPkg/Library/OpensslLib/OpensslLibCrypto/OUTPUT/openssl/crypto/context.obj
g:/edk2/edk2/Build/EmulatorIA32/DEBUG_VS2019/IA32/CryptoPkg/Library/OpensslLib/OpensslLibCrypto/OUTPUT/openssl/crypto/core_algorithm.obj
g:/edk2/edk2/Build/EmulatorIA32/DEBUG_VS2019/IA32/CryptoPkg/Library/OpensslLib/OpensslLibCrypto/OUTPUT/openssl/crypto/core_fetch.obj
g:/edk2/edk2/Build/EmulatorIA32/DEBUG_VS2019/IA32/CryptoPkg/Library/OpensslLib/OpensslLibCrypto/OUTPUT/openssl/crypto/core_namemap.obj
g:/edk2/edk2/Build/EmulatorIA32/DEBUG_VS2019/IA32/CryptoPkg/Library/OpensslLib/OpensslLibCrypto/OUTPUT/openssl/crypto/cpt_err.obj
g:/edk2/edk2/Build/EmulatorIA32/DEBUG_VS2019/IA32/CryptoPkg/Library/OpensslLib/OpensslLibCrypto/OUTPUT/openssl/crypto/cpuid.obj
g:/edk2/edk2/Build/EmulatorIA32/DEBUG_VS2019/IA32/CryptoPkg/Library/OpensslLib/OpensslLibCrypto/OUTPUT/openssl/crypto/cryptlib.obj
g:/edk2/edk2/Build/EmulatorIA32/DEBUG_VS2019/IA32/CryptoPkg/Library/OpensslLib/OpensslLibCrypto/OUTPUT/openssl/crypto/ctype.obj
g:/edk2/edk2/Build/EmulatorIA32/DEBUG_VS2019/IA32/CryptoPkg/Library/OpensslLib/OpensslLibCrypto/OUTPUT/openssl/crypto/cversion.obj
g:/edk2/edk2/Build/EmulatorIA32/DEBUG_VS2019/IA32/CryptoPkg/Library/OpensslLib/OpensslLibCrypto/OUTPUT/openssl/crypto/der_writer.obj
g:/edk2/edk2/Build/EmulatorIA32/DEBUG_VS2019/IA32/CryptoPkg/Library/OpensslLib/OpensslLibCrypto/OUTPUT/openssl/crypto/ebcdic.obj
g:/edk2/edk2/Build/EmulatorIA32/DEBUG_VS2019/IA32/CryptoPkg/Library/OpensslLib/OpensslLibCrypto/OUTPUT/openssl/crypto/ex_data.obj
g:/edk2/edk2/Build/EmulatorIA32/DEBUG_VS2019/IA32/CryptoPkg/Library/OpensslLib/OpensslLibCrypto/OUTPUT/openssl/crypto/getenv.obj
g:/edk2/edk2/Build/EmulatorIA32/DEBUG_VS2019/IA32/CryptoPkg/Library/OpensslLib/OpensslLibCrypto/OUTPUT/openssl/crypto/info.obj
g:/edk2/edk2/Build/EmulatorIA32/DEBUG_VS2019/IA32/CryptoPkg/Library/OpensslLib/OpensslLibCrypto/OUTPUT/openssl/crypto/init.obj
g:/edk2/edk2/Build/EmulatorIA32/DEBUG_VS2019/IA32/CryptoPkg/Library/OpensslLib/OpensslLibCrypto/OUTPUT/openssl/crypto/initthread.obj
g:/edk2/edk2/Build/EmulatorIA32/DEBUG_VS2019/IA32/CryptoPkg/Library/OpensslLib/OpensslLibCrypto/OUTPUT/openssl/crypto/mem.obj
g:/edk2/edk2/Build/EmulatorIA32/DEBUG_VS2019/IA32/CryptoPkg/Library/OpensslLib/OpensslLibCrypto/OUTPUT/openssl/crypto/mem_clr.obj
g:/edk2/edk2/Build/EmulatorIA32/DEBUG_VS2019/IA32/CryptoPkg/Library/OpensslLib/OpensslLibCrypto/OUTPUT/openssl/crypto/mem_sec.obj
g:/edk2/edk2/Build/EmulatorIA32/DEBUG_VS2019/IA32/CryptoPkg/Library/OpensslLib/OpensslLibCrypto/OUTPUT/openssl/crypto/o_dir.obj
g:/edk2/edk2/Build/EmulatorIA32/DEBUG_VS2019/IA32/CryptoPkg/Library/OpensslLib/OpensslLibCrypto/OUTPUT/openssl/crypto/o_fopen.obj
g:/edk2/edk2/Build/EmulatorIA32/DEBUG_VS2019/IA32/CryptoPkg/Library/OpensslLib/OpensslLibCrypto/OUTPUT/openssl/crypto/o_init.obj
g:/edk2/edk2/Build/EmulatorIA32/DEBUG_VS2019/IA32/CryptoPkg/Library/OpensslLib/OpensslLibCrypto/OUTPUT/openssl/crypto/o_str.obj
g:/edk2/edk2/Build/EmulatorIA32/DEBUG_VS2019/IA32/CryptoPkg/Library/OpensslLib/OpensslLibCrypto/OUTPUT/openssl/crypto/o_time.obj
g:/edk2/edk2/Build/EmulatorIA32/DEBUG_VS2019/IA32/CryptoPkg/Library/OpensslLib/OpensslLibCrypto/OUTPUT/openssl/crypto/packet.obj
g:/edk2/edk2/Build/EmulatorIA32/DEBUG_VS2019/IA32/CryptoPkg/Library/OpensslLib/OpensslLibCrypto/OUTPUT/openssl/crypto/param_build.obj
g:/edk2/edk2/Build/EmulatorIA32/DEBUG_VS2019/IA32/CryptoPkg/Library/OpensslLib/OpensslLibCrypto/OUTPUT/openssl/crypto/param_build_set.obj
g:/edk2/edk2/Build/EmulatorIA32/DEBUG_VS2019/IA32/CryptoPkg/Library/OpensslLib/OpensslLibCrypto/OUTPUT/openssl/crypto/params.obj
g:/edk2/edk2/Build/EmulatorIA32/DEBUG_VS2019/IA32/CryptoPkg/Library/OpensslLib/OpensslLibCrypto/OUTPUT/openssl/crypto/params_dup.obj
g:/edk2/edk2/Build/EmulatorIA32/DEBUG_VS2019/IA32/CryptoPkg/Library/OpensslLib/OpensslLibCrypto/OUTPUT/openssl/crypto/params_from_text.obj
g:/edk2/edk2/Build/EmulatorIA32/DEBUG_VS2019/IA32/CryptoPkg/Library/OpensslLib/OpensslLibCrypto/OUTPUT/openssl/crypto/passphrase.obj
g:/edk2/edk2/Build/EmulatorIA32/DEBUG_VS2019/IA32/CryptoPkg/Library/OpensslLib/OpensslLibCrypto/OUTPUT/openssl/crypto/provider.obj
g:/edk2/edk2/Build/EmulatorIA32/DEBUG_VS2019/IA32/CryptoPkg/Library/OpensslLib/OpensslLibCrypto/OUTPUT/openssl/crypto/provider_child.obj
g:/edk2/edk2/Build/EmulatorIA32/DEBUG_VS2019/IA32/CryptoPkg/Library/OpensslLib/OpensslLibCrypto/OUTPUT/openssl/crypto/provider_conf.obj
g:/edk2/edk2/Build/EmulatorIA32/DEBUG_VS2019/IA32/CryptoPkg/Library/OpensslLib/OpensslLibCrypto/OUTPUT/openssl/crypto/provider_core.obj
g:/edk2/edk2/Build/EmulatorIA32/DEBUG_VS2019/IA32/CryptoPkg/Library/OpensslLib/OpensslLibCrypto/OUTPUT/openssl/crypto/punycode.obj
g:/edk2/edk2/Build/EmulatorIA32/DEBUG_VS2019/IA32/CryptoPkg/Library/OpensslLib/OpensslLibCrypto/OUTPUT/openssl/crypto/self_test_core.obj
g:/edk2/edk2/Build/EmulatorIA32/DEBUG_VS2019/IA32/CryptoPkg/Library/OpensslLib/OpensslLibCrypto/OUTPUT/openssl/crypto/sparse_array.obj
g:/edk2/edk2/Build/EmulatorIA32/DEBUG_VS2019/IA32/CryptoPkg/Library/OpensslLib/OpensslLibCrypto/OUTPUT/openssl/crypto/threads_lib.obj
g:/edk2/edk2/Build/EmulatorIA32/DEBUG_VS2019/IA32/CryptoPkg/Library/OpensslLib/OpensslLibCrypto/OUTPUT/openssl/crypto/threads_none.obj
g:/edk2/edk2/Build/EmulatorIA32/DEBUG_VS2019/IA32/CryptoPkg/Library/OpensslLib/OpensslLibCrypto/OUTPUT/openssl/crypto/threads_pthread.obj
g:/edk2/edk2/Build/EmulatorIA32/DEBUG_VS2019/IA32/CryptoPkg/Library/OpensslLib/OpensslLibCrypto/OUTPUT/openssl/crypto/threads_win.obj
g:/edk2/edk2/Build/EmulatorIA32/DEBUG_VS2019/IA32/CryptoPkg/Library/OpensslLib/OpensslLibCrypto/OUTPUT/openssl/crypto/trace.obj
g:/edk2/edk2/Build/EmulatorIA32/DEBUG_VS2019/IA32/CryptoPkg/Library/OpensslLib/OpensslLibCrypto/OUTPUT/openssl/crypto/uid.obj
g:/edk2/edk2/Build/EmulatorIA32/DEBUG_VS2019/IA32/CryptoPkg/Library/OpensslLib/OpensslLibCrypto/OUTPUT/openssl/crypto/md5/md5_dgst.obj
g:/edk2/edk2/Build/EmulatorIA32/DEBUG_VS2019/IA32/CryptoPkg/Library/OpensslLib/OpensslLibCrypto/OUTPUT/openssl/crypto/md5/md5_one.obj
g:/edk2/edk2/Build/EmulatorIA32/DEBUG_VS2019/IA32/CryptoPkg/Library/OpensslLib/OpensslLibCrypto/OUTPUT/openssl/crypto/md5/md5_sha1.obj
g:/edk2/edk2/Build/EmulatorIA32/DEBUG_VS2019/IA32/CryptoPkg/Library/OpensslLib/OpensslLibCrypto/OUTPUT/openssl/crypto/modes/cbc128.obj
g:/edk2/edk2/Build/EmulatorIA32/DEBUG_VS2019/IA32/CryptoPkg/Library/OpensslLib/OpensslLibCrypto/OUTPUT/openssl/crypto/modes/ccm128.obj
g:/edk2/edk2/Build/EmulatorIA32/DEBUG_VS2019/IA32/CryptoPkg/Library/OpensslLib/OpensslLibCrypto/OUTPUT/openssl/crypto/modes/cfb128.obj
g:/edk2/edk2/Build/EmulatorIA32/DEBUG_VS2019/IA32/CryptoPkg/Library/OpensslLib/OpensslLibCrypto/OUTPUT/openssl/crypto/modes/ctr128.obj
g:/edk2/edk2/Build/EmulatorIA32/DEBUG_VS2019/IA32/CryptoPkg/Library/OpensslLib/OpensslLibCrypto/OUTPUT/openssl/crypto/modes/cts128.obj
g:/edk2/edk2/Build/EmulatorIA32/DEBUG_VS2019/IA32/CryptoPkg/Library/OpensslLib/OpensslLibCrypto/OUTPUT/openssl/crypto/modes/gcm128.obj
g:/edk2/edk2/Build/EmulatorIA32/DEBUG_VS2019/IA32/CryptoPkg/Library/OpensslLib/OpensslLibCrypto/OUTPUT/openssl/crypto/modes/ocb128.obj
g:/edk2/edk2/Build/EmulatorIA32/DEBUG_VS2019/IA32/CryptoPkg/Library/OpensslLib/OpensslLibCrypto/OUTPUT/openssl/crypto/modes/ofb128.obj
g:/edk2/edk2/Build/EmulatorIA32/DEBUG_VS2019/IA32/CryptoPkg/Library/OpensslLib/OpensslLibCrypto/OUTPUT/openssl/crypto/modes/siv128.obj
g:/edk2/edk2/Build/EmulatorIA32/DEBUG_VS2019/IA32/CryptoPkg/Library/OpensslLib/OpensslLibCrypto/OUTPUT/openssl/crypto/modes/wrap128.obj
g:/edk2/edk2/Build/EmulatorIA32/DEBUG_VS2019/IA32/CryptoPkg/Library/OpensslLib/OpensslLibCrypto/OUTPUT/openssl/crypto/modes/xts128.obj
g:/edk2/edk2/Build/EmulatorIA32/DEBUG_VS2019/IA32/CryptoPkg/Library/OpensslLib/OpensslLibCrypto/OUTPUT/openssl/crypto/objects/o_names.obj
g:/edk2/edk2/Build/EmulatorIA32/DEBUG_VS2019/IA32/CryptoPkg/Library/OpensslLib/OpensslLibCrypto/OUTPUT/openssl/crypto/objects/obj_dat.obj
g:/edk2/edk2/Build/EmulatorIA32/DEBUG_VS2019/IA32/CryptoPkg/Library/OpensslLib/OpensslLibCrypto/OUTPUT/openssl/crypto/objects/obj_err.obj
g:/edk2/edk2/Build/EmulatorIA32/DEBUG_VS2019/IA32/CryptoPkg/Library/OpensslLib/OpensslLibCrypto/OUTPUT/openssl/crypto/objects/obj_lib.obj
g:/edk2/edk2/Build/EmulatorIA32/DEBUG_VS2019/IA32/CryptoPkg/Library/OpensslLib/OpensslLibCrypto/OUTPUT/openssl/crypto/objects/obj_xref.obj
g:/edk2/edk2/Build/EmulatorIA32/DEBUG_VS2019/IA32/CryptoPkg/Library/OpensslLib/OpensslLibCrypto/OUTPUT/openssl/crypto/pem/pem_all.obj
g:/edk2/edk2/Build/EmulatorIA32/DEBUG_VS2019/IA32/CryptoPkg/Library/OpensslLib/OpensslLibCrypto/OUTPUT/openssl/crypto/pem/pem_err.obj
g:/edk2/edk2/Build/EmulatorIA32/DEBUG_VS2019/IA32/CryptoPkg/Library/OpensslLib/OpensslLibCrypto/OUTPUT/openssl/crypto/pem/pem_info.obj
g:/edk2/edk2/Build/EmulatorIA32/DEBUG_VS2019/IA32/CryptoPkg/Library/OpensslLib/OpensslLibCrypto/OUTPUT/openssl/crypto/pem/pem_lib.obj
g:/edk2/edk2/Build/EmulatorIA32/DEBUG_VS2019/IA32/CryptoPkg/Library/OpensslLib/OpensslLibCrypto/OUTPUT/openssl/crypto/pem/pem_oth.obj
g:/edk2/edk2/Build/EmulatorIA32/DEBUG_VS2019/IA32/CryptoPkg/Library/OpensslLib/OpensslLibCrypto/OUTPUT/openssl/crypto/pem/pem_pk8.obj
g:/edk2/edk2/Build/EmulatorIA32/DEBUG_VS2019/IA32/CryptoPkg/Library/OpensslLib/OpensslLibCrypto/OUTPUT/openssl/crypto/pem/pem_pkey.obj
g:/edk2/edk2/Build/EmulatorIA32/DEBUG_VS2019/IA32/CryptoPkg/Library/OpensslLib/OpensslLibCrypto/OUTPUT/openssl/crypto/pem/pem_sign.obj
g:/edk2/edk2/Build/EmulatorIA32/DEBUG_VS2019/IA32/CryptoPkg/Library/OpensslLib/OpensslLibCrypto/OUTPUT/openssl/crypto/pem/pem_x509.obj
g:/edk2/edk2/Build/EmulatorIA32/DEBUG_VS2019/IA32/CryptoPkg/Library/OpensslLib/OpensslLibCrypto/OUTPUT/openssl/crypto/pem/pem_xaux.obj
g:/edk2/edk2/Build/EmulatorIA32/DEBUG_VS2019/IA32/CryptoPkg/Library/OpensslLib/OpensslLibCrypto/OUTPUT/openssl/crypto/pem/pvkfmt.obj
g:/edk2/edk2/Build/EmulatorIA32/DEBUG_VS2019/IA32/CryptoPkg/Library/OpensslLib/OpensslLibCrypto/OUTPUT/openssl/crypto/pkcs7/bio_pk7.obj
g:/edk2/edk2/Build/EmulatorIA32/DEBUG_VS2019/IA32/CryptoPkg/Library/OpensslLib/OpensslLibCrypto/OUTPUT/openssl/crypto/pkcs7/pk7_asn1.obj
g:/edk2/edk2/Build/EmulatorIA32/DEBUG_VS2019/IA32/CryptoPkg/Library/OpensslLib/OpensslLibCrypto/OUTPUT/openssl/crypto/pkcs7/pk7_attr.obj
g:/edk2/edk2/Build/EmulatorIA32/DEBUG_VS2019/IA32/CryptoPkg/Library/OpensslLib/OpensslLibCrypto/OUTPUT/openssl/crypto/pkcs7/pk7_doit.obj
g:/edk2/edk2/Build/EmulatorIA32/DEBUG_VS2019/IA32/CryptoPkg/Library/OpensslLib/OpensslLibCrypto/OUTPUT/openssl/crypto/pkcs7/pk7_lib.obj
g:/edk2/edk2/Build/EmulatorIA32/DEBUG_VS2019/IA32/CryptoPkg/Library/OpensslLib/OpensslLibCrypto/OUTPUT/openssl/crypto/pkcs7/pk7_mime.obj
g:/edk2/edk2/Build/EmulatorIA32/DEBUG_VS2019/IA32/CryptoPkg/Library/OpensslLib/OpensslLibCrypto/OUTPUT/openssl/crypto/pkcs7/pk7_smime.obj
g:/edk2/edk2/Build/EmulatorIA32/DEBUG_VS2019/IA32/CryptoPkg/Library/OpensslLib/OpensslLibCrypto/OUTPUT/openssl/crypto/pkcs7/pkcs7err.obj
g:/edk2/edk2/Build/EmulatorIA32/DEBUG_VS2019/IA32/CryptoPkg/Library/OpensslLib/OpensslLibCrypto/OUTPUT/openssl/crypto/property/defn_cache.obj
g:/edk2/edk2/Build/EmulatorIA32/DEBUG_VS2019/IA32/CryptoPkg/Library/OpensslLib/OpensslLibCrypto/OUTPUT/openssl/crypto/property/property.obj
g:/edk2/edk2/Build/EmulatorIA32/DEBUG_VS2019/IA32/CryptoPkg/Library/OpensslLib/OpensslLibCrypto/OUTPUT/openssl/crypto/property/property_err.obj
g:/edk2/edk2/Build/EmulatorIA32/DEBUG_VS2019/IA32/CryptoPkg/Library/OpensslLib/OpensslLibCrypto/OUTPUT/openssl/crypto/property/property_parse.obj
g:/edk2/edk2/Build/EmulatorIA32/DEBUG_VS2019/IA32/CryptoPkg/Library/OpensslLib/OpensslLibCrypto/OUTPUT/openssl/crypto/property/property_query.obj
g:/edk2/edk2/Build/EmulatorIA32/DEBUG_VS2019/IA32/CryptoPkg/Library/OpensslLib/OpensslLibCrypto/OUTPUT/openssl/crypto/property/property_string.obj
g:/edk2/edk2/Build/EmulatorIA32/DEBUG_VS2019/IA32/CryptoPkg/Library/OpensslLib/OpensslLibCrypto/OUTPUT/openssl/crypto/rand/prov_seed.obj
g:/edk2/edk2/Build/EmulatorIA32/DEBUG_VS2019/IA32/CryptoPkg/Library/OpensslLib/OpensslLibCrypto/OUTPUT/openssl/crypto/rand/rand_deprecated.obj
g:/edk2/edk2/Build/EmulatorIA32/DEBUG_VS2019/IA32/CryptoPkg/Library/OpensslLib/OpensslLibCrypto/OUTPUT/openssl/crypto/rand/rand_err.obj
g:/edk2/edk2/Build/EmulatorIA32/DEBUG_VS2019/IA32/CryptoPkg/Library/OpensslLib/OpensslLibCrypto/OUTPUT/openssl/crypto/rand/rand_lib.obj
g:/edk2/edk2/Build/EmulatorIA32/DEBUG_VS2019/IA32/CryptoPkg/Library/OpensslLib/OpensslLibCrypto/OUTPUT/openssl/crypto/rand/rand_meth.obj
g:/edk2/edk2/Build/EmulatorIA32/DEBUG_VS2019/IA32/CryptoPkg/Library/OpensslLib/OpensslLibCrypto/OUTPUT/openssl/crypto/rand/rand_pool.obj
g:/edk2/edk2/Build/EmulatorIA32/DEBUG_VS2019/IA32/CryptoPkg/Library/OpensslLib/OpensslLibCrypto/OUTPUT/openssl/crypto/rsa/rsa_ameth.obj
g:/edk2/edk2/Build/EmulatorIA32/DEBUG_VS2019/IA32/CryptoPkg/Library/OpensslLib/OpensslLibCrypto/OUTPUT/openssl/crypto/rsa/rsa_asn1.obj
g:/edk2/edk2/Build/EmulatorIA32/DEBUG_VS2019/IA32/CryptoPkg/Library/OpensslLib/OpensslLibCrypto/OUTPUT/openssl/crypto/rsa/rsa_backend.obj
g:/edk2/edk2/Build/EmulatorIA32/DEBUG_VS2019/IA32/CryptoPkg/Library/OpensslLib/OpensslLibCrypto/OUTPUT/openssl/crypto/rsa/rsa_chk.obj
g:/edk2/edk2/Build/EmulatorIA32/DEBUG_VS2019/IA32/CryptoPkg/Library/OpensslLib/OpensslLibCrypto/OUTPUT/openssl/crypto/rsa/rsa_crpt.obj
g:/edk2/edk2/Build/EmulatorIA32/DEBUG_VS2019/IA32/CryptoPkg/Library/OpensslLib/OpensslLibCrypto/OUTPUT/openssl/crypto/rsa/rsa_err.obj
g:/edk2/edk2/Build/EmulatorIA32/DEBUG_VS2019/IA32/CryptoPkg/Library/OpensslLib/OpensslLibCrypto/OUTPUT/openssl/crypto/rsa/rsa_gen.obj
g:/edk2/edk2/Build/EmulatorIA32/DEBUG_VS2019/IA32/CryptoPkg/Library/OpensslLib/OpensslLibCrypto/OUTPUT/openssl/crypto/rsa/rsa_lib.obj
g:/edk2/edk2/Build/EmulatorIA32/DEBUG_VS2019/IA32/CryptoPkg/Library/OpensslLib/OpensslLibCrypto/OUTPUT/openssl/crypto/rsa/rsa_meth.obj
g:/edk2/edk2/Build/EmulatorIA32/DEBUG_VS2019/IA32/CryptoPkg/Library/OpensslLib/OpensslLibCrypto/OUTPUT/openssl/crypto/rsa/rsa_mp.obj
g:/edk2/edk2/Build/EmulatorIA32/DEBUG_VS2019/IA32/CryptoPkg/Library/OpensslLib/OpensslLibCrypto/OUTPUT/openssl/crypto/rsa/rsa_mp_names.obj
g:/edk2/edk2/Build/EmulatorIA32/DEBUG_VS2019/IA32/CryptoPkg/Library/OpensslLib/OpensslLibCrypto/OUTPUT/openssl/crypto/rsa/rsa_none.obj
g:/edk2/edk2/Build/EmulatorIA32/DEBUG_VS2019/IA32/CryptoPkg/Library/OpensslLib/OpensslLibCrypto/OUTPUT/openssl/crypto/rsa/rsa_oaep.obj
g:/edk2/edk2/Build/EmulatorIA32/DEBUG_VS2019/IA32/CryptoPkg/Library/OpensslLib/OpensslLibCrypto/OUTPUT/openssl/crypto/rsa/rsa_ossl.obj
g:/edk2/edk2/Build/EmulatorIA32/DEBUG_VS2019/IA32/CryptoPkg/Library/OpensslLib/OpensslLibCrypto/OUTPUT/openssl/crypto/rsa/rsa_pk1.obj
g:/edk2/edk2/Build/EmulatorIA32/DEBUG_VS2019/IA32/CryptoPkg/Library/OpensslLib/OpensslLibCrypto/OUTPUT/openssl/crypto/rsa/rsa_pmeth.obj
g:/edk2/edk2/Build/EmulatorIA32/DEBUG_VS2019/IA32/CryptoPkg/Library/OpensslLib/OpensslLibCrypto/OUTPUT/openssl/crypto/rsa/rsa_prn.obj
g:/edk2/edk2/Build/EmulatorIA32/DEBUG_VS2019/IA32/CryptoPkg/Library/OpensslLib/OpensslLibCrypto/OUTPUT/openssl/crypto/rsa/rsa_pss.obj
g:/edk2/edk2/Build/EmulatorIA32/DEBUG_VS2019/IA32/CryptoPkg/Library/OpensslLib/OpensslLibCrypto/OUTPUT/openssl/crypto/rsa/rsa_saos.obj
g:/edk2/edk2/Build/EmulatorIA32/DEBUG_VS2019/IA32/CryptoPkg/Library/OpensslLib/OpensslLibCrypto/OUTPUT/openssl/crypto/rsa/rsa_schemes.obj
g:/edk2/edk2/Build/EmulatorIA32/DEBUG_VS2019/IA32/CryptoPkg/Library/OpensslLib/OpensslLibCrypto/OUTPUT/openssl/crypto/rsa/rsa_sign.obj
g:/edk2/edk2/Build/EmulatorIA32/DEBUG_VS2019/IA32/CryptoPkg/Library/OpensslLib/OpensslLibCrypto/OUTPUT/openssl/crypto/rsa/rsa_sp800_56b_check.obj
g:/edk2/edk2/Build/EmulatorIA32/DEBUG_VS2019/IA32/CryptoPkg/Library/OpensslLib/OpensslLibCrypto/OUTPUT/openssl/crypto/rsa/rsa_sp800_56b_gen.obj
g:/edk2/edk2/Build/EmulatorIA32/DEBUG_VS2019/IA32/CryptoPkg/Library/OpensslLib/OpensslLibCrypto/OUTPUT/openssl/crypto/rsa/rsa_x931.obj
g:/edk2/edk2/Build/EmulatorIA32/DEBUG_VS2019/IA32/CryptoPkg/Library/OpensslLib/OpensslLibCrypto/OUTPUT/openssl/crypto/rsa/rsa_x931g.obj
g:/edk2/edk2/Build/EmulatorIA32/DEBUG_VS2019/IA32/CryptoPkg/Library/OpensslLib/OpensslLibCrypto/OUTPUT/openssl/crypto/sha/keccak1600.obj
g:/edk2/edk2/Build/EmulatorIA32/DEBUG_VS2019/IA32/CryptoPkg/Library/OpensslLib/OpensslLibCrypto/OUTPUT/openssl/crypto/sha/sha1_one.obj
g:/edk2/edk2/Build/EmulatorIA32/DEBUG_VS2019/IA32/CryptoPkg/Library/OpensslLib/OpensslLibCrypto/OUTPUT/openssl/crypto/sha/sha1dgst.obj
g:/edk2/edk2/Build/EmulatorIA32/DEBUG_VS2019/IA32/CryptoPkg/Library/OpensslLib/OpensslLibCrypto/OUTPUT/openssl/crypto/sha/sha256.obj
g:/edk2/edk2/Build/EmulatorIA32/DEBUG_VS2019/IA32/CryptoPkg/Library/OpensslLib/OpensslLibCrypto/OUTPUT/openssl/crypto/sha/sha3.obj
g:/edk2/edk2/Build/EmulatorIA32/DEBUG_VS2019/IA32/CryptoPkg/Library/OpensslLib/OpensslLibCrypto/OUTPUT/openssl/crypto/sha/sha512.obj
g:/edk2/edk2/Build/EmulatorIA32/DEBUG_VS2019/IA32/CryptoPkg/Library/OpensslLib/OpensslLibCrypto/OUTPUT/openssl/crypto/sm3/legacy_sm3.obj
g:/edk2/edk2/Build/EmulatorIA32/DEBUG_VS2019/IA32/CryptoPkg/Library/OpensslLib/OpensslLibCrypto/OUTPUT/openssl/crypto/sm3/sm3.obj
g:/edk2/edk2/Build/EmulatorIA32/DEBUG_VS2019/IA32/CryptoPkg/Library/OpensslLib/OpensslLibCrypto/OUTPUT/openssl/crypto/stack/stack.obj
g:/edk2/edk2/Build/EmulatorIA32/DEBUG_VS2019/IA32/CryptoPkg/Library/OpensslLib/OpensslLibCrypto/OUTPUT/openssl/crypto/txt_db/txt_db.obj
g:/edk2/edk2/Build/EmulatorIA32/DEBUG_VS2019/IA32/CryptoPkg/Library/OpensslLib/OpensslLibCrypto/OUTPUT/openssl/crypto/ui/ui_err.obj
g:/edk2/edk2/Build/EmulatorIA32/DEBUG_VS2019/IA32/CryptoPkg/Library/OpensslLib/OpensslLibCrypto/OUTPUT/openssl/crypto/ui/ui_lib.obj
g:/edk2/edk2/Build/EmulatorIA32/DEBUG_VS2019/IA32/CryptoPkg/Library/OpensslLib/OpensslLibCrypto/OUTPUT/openssl/crypto/ui/ui_null.obj
g:/edk2/edk2/Build/EmulatorIA32/DEBUG_VS2019/IA32/CryptoPkg/Library/OpensslLib/OpensslLibCrypto/OUTPUT/openssl/crypto/ui/ui_openssl.obj
g:/edk2/edk2/Build/EmulatorIA32/DEBUG_VS2019/IA32/CryptoPkg/Library/OpensslLib/OpensslLibCrypto/OUTPUT/openssl/crypto/ui/ui_util.obj
g:/edk2/edk2/Build/EmulatorIA32/DEBUG_VS2019/IA32/CryptoPkg/Library/OpensslLib/OpensslLibCrypto/OUTPUT/openssl/crypto/x509/by_dir.obj
g:/edk2/edk2/Build/EmulatorIA32/DEBUG_VS2019/IA32/CryptoPkg/Library/OpensslLib/OpensslLibCrypto/OUTPUT/openssl/crypto/x509/by_file.obj
g:/edk2/edk2/Build/EmulatorIA32/DEBUG_VS2019/IA32/CryptoPkg/Library/OpensslLib/OpensslLibCrypto/OUTPUT/openssl/crypto/x509/by_store.obj
g:/edk2/edk2/Build/EmulatorIA32/DEBUG_VS2019/IA32/CryptoPkg/Library/OpensslLib/OpensslLibCrypto/OUTPUT/openssl/crypto/x509/pcy_cache.obj
g:/edk2/edk2/Build/EmulatorIA32/DEBUG_VS2019/IA32/CryptoPkg/Library/OpensslLib/OpensslLibCrypto/OUTPUT/openssl/crypto/x509/pcy_data.obj
g:/edk2/edk2/Build/EmulatorIA32/DEBUG_VS2019/IA32/CryptoPkg/Library/OpensslLib/OpensslLibCrypto/OUTPUT/openssl/crypto/x509/pcy_lib.obj
g:/edk2/edk2/Build/EmulatorIA32/DEBUG_VS2019/IA32/CryptoPkg/Library/OpensslLib/OpensslLibCrypto/OUTPUT/openssl/crypto/x509/pcy_map.obj
g:/edk2/edk2/Build/EmulatorIA32/DEBUG_VS2019/IA32/CryptoPkg/Library/OpensslLib/OpensslLibCrypto/OUTPUT/openssl/crypto/x509/pcy_node.obj
g:/edk2/edk2/Build/EmulatorIA32/DEBUG_VS2019/IA32/CryptoPkg/Library/OpensslLib/OpensslLibCrypto/OUTPUT/openssl/crypto/x509/pcy_tree.obj
g:/edk2/edk2/Build/EmulatorIA32/DEBUG_VS2019/IA32/CryptoPkg/Library/OpensslLib/OpensslLibCrypto/OUTPUT/openssl/crypto/x509/t_crl.obj
g:/edk2/edk2/Build/EmulatorIA32/DEBUG_VS2019/IA32/CryptoPkg/Library/OpensslLib/OpensslLibCrypto/OUTPUT/openssl/crypto/x509/t_req.obj
g:/edk2/edk2/Build/EmulatorIA32/DEBUG_VS2019/IA32/CryptoPkg/Library/OpensslLib/OpensslLibCrypto/OUTPUT/openssl/crypto/x509/t_x509.obj
g:/edk2/edk2/Build/EmulatorIA32/DEBUG_VS2019/IA32/CryptoPkg/Library/OpensslLib/OpensslLibCrypto/OUTPUT/openssl/crypto/x509/v3_addr.obj
g:/edk2/edk2/Build/EmulatorIA32/DEBUG_VS2019/IA32/CryptoPkg/Library/OpensslLib/OpensslLibCrypto/OUTPUT/openssl/crypto/x509/v3_admis.obj
g:/edk2/edk2/Build/EmulatorIA32/DEBUG_VS2019/IA32/CryptoPkg/Library/OpensslLib/OpensslLibCrypto/OUTPUT/openssl/crypto/x509/v3_akeya.obj
g:/edk2/edk2/Build/EmulatorIA32/DEBUG_VS2019/IA32/CryptoPkg/Library/OpensslLib/OpensslLibCrypto/OUTPUT/openssl/crypto/x509/v3_akid.obj
g:/edk2/edk2/Build/EmulatorIA32/DEBUG_VS2019/IA32/CryptoPkg/Library/OpensslLib/OpensslLibCrypto/OUTPUT/openssl/crypto/x509/v3_asid.obj
g:/edk2/edk2/Build/EmulatorIA32/DEBUG_VS2019/IA32/CryptoPkg/Library/OpensslLib/OpensslLibCrypto/OUTPUT/openssl/crypto/x509/v3_bcons.obj
g:/edk2/edk2/Build/EmulatorIA32/DEBUG_VS2019/IA32/CryptoPkg/Library/OpensslLib/OpensslLibCrypto/OUTPUT/openssl/crypto/x509/v3_bitst.obj
g:/edk2/edk2/Build/EmulatorIA32/DEBUG_VS2019/IA32/CryptoPkg/Library/OpensslLib/OpensslLibCrypto/OUTPUT/openssl/crypto/x509/v3_conf.obj
g:/edk2/edk2/Build/EmulatorIA32/DEBUG_VS2019/IA32/CryptoPkg/Library/OpensslLib/OpensslLibCrypto/OUTPUT/openssl/crypto/x509/v3_cpols.obj
g:/edk2/edk2/Build/EmulatorIA32/DEBUG_VS2019/IA32/CryptoPkg/Library/OpensslLib/OpensslLibCrypto/OUTPUT/openssl/crypto/x509/v3_crld.obj
g:/edk2/edk2/Build/EmulatorIA32/DEBUG_VS2019/IA32/CryptoPkg/Library/OpensslLib/OpensslLibCrypto/OUTPUT/openssl/crypto/x509/v3_enum.obj
g:/edk2/edk2/Build/EmulatorIA32/DEBUG_VS2019/IA32/CryptoPkg/Library/OpensslLib/OpensslLibCrypto/OUTPUT/openssl/crypto/x509/v3_extku.obj
g:/edk2/edk2/Build/EmulatorIA32/DEBUG_VS2019/IA32/CryptoPkg/Library/OpensslLib/OpensslLibCrypto/OUTPUT/openssl/crypto/x509/v3_genn.obj
g:/edk2/edk2/Build/EmulatorIA32/DEBUG_VS2019/IA32/CryptoPkg/Library/OpensslLib/OpensslLibCrypto/OUTPUT/openssl/crypto/x509/v3_ia5.obj
g:/edk2/edk2/Build/EmulatorIA32/DEBUG_VS2019/IA32/CryptoPkg/Library/OpensslLib/OpensslLibCrypto/OUTPUT/openssl/crypto/x509/v3_info.obj
g:/edk2/edk2/Build/EmulatorIA32/DEBUG_VS2019/IA32/CryptoPkg/Library/OpensslLib/OpensslLibCrypto/OUTPUT/openssl/crypto/x509/v3_int.obj
g:/edk2/edk2/Build/EmulatorIA32/DEBUG_VS2019/IA32/CryptoPkg/Library/OpensslLib/OpensslLibCrypto/OUTPUT/openssl/crypto/x509/v3_ist.obj
g:/edk2/edk2/Build/EmulatorIA32/DEBUG_VS2019/IA32/CryptoPkg/Library/OpensslLib/OpensslLibCrypto/OUTPUT/openssl/crypto/x509/v3_lib.obj
g:/edk2/edk2/Build/EmulatorIA32/DEBUG_VS2019/IA32/CryptoPkg/Library/OpensslLib/OpensslLibCrypto/OUTPUT/openssl/crypto/x509/v3_ncons.obj
g:/edk2/edk2/Build/EmulatorIA32/DEBUG_VS2019/IA32/CryptoPkg/Library/OpensslLib/OpensslLibCrypto/OUTPUT/openssl/crypto/x509/v3_pci.obj
g:/edk2/edk2/Build/EmulatorIA32/DEBUG_VS2019/IA32/CryptoPkg/Library/OpensslLib/OpensslLibCrypto/OUTPUT/openssl/crypto/x509/v3_pcia.obj
g:/edk2/edk2/Build/EmulatorIA32/DEBUG_VS2019/IA32/CryptoPkg/Library/OpensslLib/OpensslLibCrypto/OUTPUT/openssl/crypto/x509/v3_pcons.obj
g:/edk2/edk2/Build/EmulatorIA32/DEBUG_VS2019/IA32/CryptoPkg/Library/OpensslLib/OpensslLibCrypto/OUTPUT/openssl/crypto/x509/v3_pku.obj
g:/edk2/edk2/Build/EmulatorIA32/DEBUG_VS2019/IA32/CryptoPkg/Library/OpensslLib/OpensslLibCrypto/OUTPUT/openssl/crypto/x509/v3_pmaps.obj
g:/edk2/edk2/Build/EmulatorIA32/DEBUG_VS2019/IA32/CryptoPkg/Library/OpensslLib/OpensslLibCrypto/OUTPUT/openssl/crypto/x509/v3_prn.obj
g:/edk2/edk2/Build/EmulatorIA32/DEBUG_VS2019/IA32/CryptoPkg/Library/OpensslLib/OpensslLibCrypto/OUTPUT/openssl/crypto/x509/v3_purp.obj
g:/edk2/edk2/Build/EmulatorIA32/DEBUG_VS2019/IA32/CryptoPkg/Library/OpensslLib/OpensslLibCrypto/OUTPUT/openssl/crypto/x509/v3_san.obj
g:/edk2/edk2/Build/EmulatorIA32/DEBUG_VS2019/IA32/CryptoPkg/Library/OpensslLib/OpensslLibCrypto/OUTPUT/openssl/crypto/x509/v3_skid.obj
g:/edk2/edk2/Build/EmulatorIA32/DEBUG_VS2019/IA32/CryptoPkg/Library/OpensslLib/OpensslLibCrypto/OUTPUT/openssl/crypto/x509/v3_sxnet.obj
g:/edk2/edk2/Build/EmulatorIA32/DEBUG_VS2019/IA32/CryptoPkg/Library/OpensslLib/OpensslLibCrypto/OUTPUT/openssl/crypto/x509/v3_tlsf.obj
g:/edk2/edk2/Build/EmulatorIA32/DEBUG_VS2019/IA32/CryptoPkg/Library/OpensslLib/OpensslLibCrypto/OUTPUT/openssl/crypto/x509/v3_utf8.obj
g:/edk2/edk2/Build/EmulatorIA32/DEBUG_VS2019/IA32/CryptoPkg/Library/OpensslLib/OpensslLibCrypto/OUTPUT/openssl/crypto/x509/v3_utl.obj
g:/edk2/edk2/Build/EmulatorIA32/DEBUG_VS2019/IA32/CryptoPkg/Library/OpensslLib/OpensslLibCrypto/OUTPUT/openssl/crypto/x509/v3err.obj
g:/edk2/edk2/Build/EmulatorIA32/DEBUG_VS2019/IA32/CryptoPkg/Library/OpensslLib/OpensslLibCrypto/OUTPUT/openssl/crypto/x509/x509_att.obj
g:/edk2/edk2/Build/EmulatorIA32/DEBUG_VS2019/IA32/CryptoPkg/Library/OpensslLib/OpensslLibCrypto/OUTPUT/openssl/crypto/x509/x509_cmp.obj
g:/edk2/edk2/Build/EmulatorIA32/DEBUG_VS2019/IA32/CryptoPkg/Library/OpensslLib/OpensslLibCrypto/OUTPUT/openssl/crypto/x509/x509_d2.obj
g:/edk2/edk2/Build/EmulatorIA32/DEBUG_VS2019/IA32/CryptoPkg/Library/OpensslLib/OpensslLibCrypto/OUTPUT/openssl/crypto/x509/x509_def.obj
g:/edk2/edk2/Build/EmulatorIA32/DEBUG_VS2019/IA32/CryptoPkg/Library/OpensslLib/OpensslLibCrypto/OUTPUT/openssl/crypto/x509/x509_err.obj
g:/edk2/edk2/Build/EmulatorIA32/DEBUG_VS2019/IA32/CryptoPkg/Library/OpensslLib/OpensslLibCrypto/OUTPUT/openssl/crypto/x509/x509_ext.obj
g:/edk2/edk2/Build/EmulatorIA32/DEBUG_VS2019/IA32/CryptoPkg/Library/OpensslLib/OpensslLibCrypto/OUTPUT/openssl/crypto/x509/x509_lu.obj
g:/edk2/edk2/Build/EmulatorIA32/DEBUG_VS2019/IA32/CryptoPkg/Library/OpensslLib/OpensslLibCrypto/OUTPUT/openssl/crypto/x509/x509_meth.obj
g:/edk2/edk2/Build/EmulatorIA32/DEBUG_VS2019/IA32/CryptoPkg/Library/OpensslLib/OpensslLibCrypto/OUTPUT/openssl/crypto/x509/x509_obj.obj
g:/edk2/edk2/Build/EmulatorIA32/DEBUG_VS2019/IA32/CryptoPkg/Library/OpensslLib/OpensslLibCrypto/OUTPUT/openssl/crypto/x509/x509_r2x.obj
g:/edk2/edk2/Build/EmulatorIA32/DEBUG_VS2019/IA32/CryptoPkg/Library/OpensslLib/OpensslLibCrypto/OUTPUT/openssl/crypto/x509/x509_req.obj
g:/edk2/edk2/Build/EmulatorIA32/DEBUG_VS2019/IA32/CryptoPkg/Library/OpensslLib/OpensslLibCrypto/OUTPUT/openssl/crypto/x509/x509_set.obj
g:/edk2/edk2/Build/EmulatorIA32/DEBUG_VS2019/IA32/CryptoPkg/Library/OpensslLib/OpensslLibCrypto/OUTPUT/openssl/crypto/x509/x509_trust.obj
g:/edk2/edk2/Build/EmulatorIA32/DEBUG_VS2019/IA32/CryptoPkg/Library/OpensslLib/OpensslLibCrypto/OUTPUT/openssl/crypto/x509/x509_txt.obj
g:/edk2/edk2/Build/EmulatorIA32/DEBUG_VS2019/IA32/CryptoPkg/Library/OpensslLib/OpensslLibCrypto/OUTPUT/openssl/crypto/x509/x509_v3.obj
g:/edk2/edk2/Build/EmulatorIA32/DEBUG_VS2019/IA32/CryptoPkg/Library/OpensslLib/OpensslLibCrypto/OUTPUT/openssl/crypto/x509/x509_vfy.obj
g:/edk2/edk2/Build/EmulatorIA32/DEBUG_VS2019/IA32/CryptoPkg/Library/OpensslLib/OpensslLibCrypto/OUTPUT/openssl/crypto/x509/x509_vpm.obj
g:/edk2/edk2/Build/EmulatorIA32/DEBUG_VS2019/IA32/CryptoPkg/Library/OpensslLib/OpensslLibCrypto/OUTPUT/openssl/crypto/x509/x509cset.obj
g:/edk2/edk2/Build/EmulatorIA32/DEBUG_VS2019/IA32/CryptoPkg/Library/OpensslLib/OpensslLibCrypto/OUTPUT/openssl/crypto/x509/x509name.obj
g:/edk2/edk2/Build/EmulatorIA32/DEBUG_VS2019/IA32/CryptoPkg/Library/OpensslLib/OpensslLibCrypto/OUTPUT/openssl/crypto/x509/x509rset.obj
g:/edk2/edk2/Build/EmulatorIA32/DEBUG_VS2019/IA32/CryptoPkg/Library/OpensslLib/OpensslLibCrypto/OUTPUT/openssl/crypto/x509/x509spki.obj
g:/edk2/edk2/Build/EmulatorIA32/DEBUG_VS2019/IA32/CryptoPkg/Library/OpensslLib/OpensslLibCrypto/OUTPUT/openssl/crypto/x509/x509type.obj
g:/edk2/edk2/Build/EmulatorIA32/DEBUG_VS2019/IA32/CryptoPkg/Library/OpensslLib/OpensslLibCrypto/OUTPUT/openssl/crypto/x509/x_all.obj
g:/edk2/edk2/Build/EmulatorIA32/DEBUG_VS2019/IA32/CryptoPkg/Library/OpensslLib/OpensslLibCrypto/OUTPUT/openssl/crypto/x509/x_attrib.obj
g:/edk2/edk2/Build/EmulatorIA32/DEBUG_VS2019/IA32/CryptoPkg/Library/OpensslLib/OpensslLibCrypto/OUTPUT/openssl/crypto/x509/x_crl.obj
g:/edk2/edk2/Build/EmulatorIA32/DEBUG_VS2019/IA32/CryptoPkg/Library/OpensslLib/OpensslLibCrypto/OUTPUT/openssl/crypto/x509/x_exten.obj
g:/edk2/edk2/Build/EmulatorIA32/DEBUG_VS2019/IA32/CryptoPkg/Library/OpensslLib/OpensslLibCrypto/OUTPUT/openssl/crypto/x509/x_name.obj
g:/edk2/edk2/Build/EmulatorIA32/DEBUG_VS2019/IA32/CryptoPkg/Library/OpensslLib/OpensslLibCrypto/OUTPUT/openssl/crypto/x509/x_pubkey.obj
g:/edk2/edk2/Build/EmulatorIA32/DEBUG_VS2019/IA32/CryptoPkg/Library/OpensslLib/OpensslLibCrypto/OUTPUT/openssl/crypto/x509/x_req.obj
g:/edk2/edk2/Build/EmulatorIA32/DEBUG_VS2019/IA32/CryptoPkg/Library/OpensslLib/OpensslLibCrypto/OUTPUT/openssl/crypto/x509/x_x509.obj
g:/edk2/edk2/Build/EmulatorIA32/DEBUG_VS2019/IA32/CryptoPkg/Library/OpensslLib/OpensslLibCrypto/OUTPUT/openssl/crypto/x509/x_x509a.obj
g:/edk2/edk2/Build/EmulatorIA32/DEBUG_VS2019/IA32/CryptoPkg/Library/OpensslLib/OpensslLibCrypto/OUTPUT/openssl/providers/nullprov.obj
g:/edk2/edk2/Build/EmulatorIA32/DEBUG_VS2019/IA32/CryptoPkg/Library/OpensslLib/OpensslLibCrypto/OUTPUT/openssl/providers/prov_running.obj
g:/edk2/edk2/Build/EmulatorIA32/DEBUG_VS2019/IA32/CryptoPkg/Library/OpensslLib/OpensslLibCrypto/OUTPUT/openssl/providers/common/der/der_rsa_sig.obj
g:/edk2/edk2/Build/EmulatorIA32/DEBUG_VS2019/IA32/CryptoPkg/Library/OpensslLib/OpensslLibCrypto/OUTPUT/openssl/providers/common/bio_prov.obj
g:/edk2/edk2/Build/EmulatorIA32/DEBUG_VS2019/IA32/CryptoPkg/Library/OpensslLib/OpensslLibCrypto/OUTPUT/openssl/providers/common/capabilities.obj
g:/edk2/edk2/Build/EmulatorIA32/DEBUG_VS2019/IA32/CryptoPkg/Library/OpensslLib/OpensslLibCrypto/OUTPUT/openssl/providers/common/digest_to_nid.obj
g:/edk2/edk2/Build/EmulatorIA32/DEBUG_VS2019/IA32/CryptoPkg/Library/OpensslLib/OpensslLibCrypto/OUTPUT/openssl/providers/common/provider_seeding.obj
g:/edk2/edk2/Build/EmulatorIA32/DEBUG_VS2019/IA32/CryptoPkg/Library/OpensslLib/OpensslLibCrypto/OUTPUT/openssl/providers/common/provider_util.obj
g:/edk2/edk2/Build/EmulatorIA32/DEBUG_VS2019/IA32/CryptoPkg/Library/OpensslLib/OpensslLibCrypto/OUTPUT/openssl/providers/common/securitycheck.obj
g:/edk2/edk2/Build/EmulatorIA32/DEBUG_VS2019/IA32/CryptoPkg/Library/OpensslLib/OpensslLibCrypto/OUTPUT/openssl/providers/common/securitycheck_default.obj
g:/edk2/edk2/Build/EmulatorIA32/DEBUG_VS2019/IA32/CryptoPkg/Library/OpensslLib/OpensslLibCrypto/OUTPUT/openssl/providers/implementations/asymciphers/rsa_enc.obj
g:/edk2/edk2/Build/EmulatorIA32/DEBUG_VS2019/IA32/CryptoPkg/Library/OpensslLib/OpensslLibCrypto/OUTPUT/openssl/providers/implementations/ciphers/cipher_aes.obj
g:/edk2/edk2/Build/EmulatorIA32/DEBUG_VS2019/IA32/CryptoPkg/Library/OpensslLib/OpensslLibCrypto/OUTPUT/openssl/providers/implementations/ciphers/cipher_aes_cbc_hmac_sha.obj
g:/edk2/edk2/Build/EmulatorIA32/DEBUG_VS2019/IA32/CryptoPkg/Library/OpensslLib/OpensslLibCrypto/OUTPUT/openssl/providers/implementations/ciphers/cipher_aes_cbc_hmac_sha1_hw.obj
g:/edk2/edk2/Build/EmulatorIA32/DEBUG_VS2019/IA32/CryptoPkg/Library/OpensslLib/OpensslLibCrypto/OUTPUT/openssl/providers/implementations/ciphers/cipher_aes_cbc_hmac_sha256_hw.obj
g:/edk2/edk2/Build/EmulatorIA32/DEBUG_VS2019/IA32/CryptoPkg/Library/OpensslLib/OpensslLibCrypto/OUTPUT/openssl/providers/implementations/ciphers/cipher_aes_ccm.obj
g:/edk2/edk2/Build/EmulatorIA32/DEBUG_VS2019/IA32/CryptoPkg/Library/OpensslLib/OpensslLibCrypto/OUTPUT/openssl/providers/implementations/ciphers/cipher_aes_ccm_hw.obj
g:/edk2/edk2/Build/EmulatorIA32/DEBUG_VS2019/IA32/CryptoPkg/Library/OpensslLib/OpensslLibCrypto/OUTPUT/openssl/providers/implementations/ciphers/cipher_aes_gcm.obj
g:/edk2/edk2/Build/EmulatorIA32/DEBUG_VS2019/IA32/CryptoPkg/Library/OpensslLib/OpensslLibCrypto/OUTPUT/openssl/providers/implementations/ciphers/cipher_aes_gcm_hw.obj
g:/edk2/edk2/Build/EmulatorIA32/DEBUG_VS2019/IA32/CryptoPkg/Library/OpensslLib/OpensslLibCrypto/OUTPUT/openssl/providers/implementations/ciphers/cipher_aes_hw.obj
g:/edk2/edk2/Build/EmulatorIA32/DEBUG_VS2019/IA32/CryptoPkg/Library/OpensslLib/OpensslLibCrypto/OUTPUT/openssl/providers/implementations/ciphers/cipher_aes_wrp.obj
g:/edk2/edk2/Build/EmulatorIA32/DEBUG_VS2019/IA32/CryptoPkg/Library/OpensslLib/OpensslLibCrypto/OUTPUT/openssl/providers/implementations/ciphers/cipher_aes_xts.obj
g:/edk2/edk2/Build/EmulatorIA32/DEBUG_VS2019/IA32/CryptoPkg/Library/OpensslLib/OpensslLibCrypto/OUTPUT/openssl/providers/implementations/ciphers/cipher_aes_xts_fips.obj
g:/edk2/edk2/Build/EmulatorIA32/DEBUG_VS2019/IA32/CryptoPkg/Library/OpensslLib/OpensslLibCrypto/OUTPUT/openssl/providers/implementations/ciphers/cipher_aes_xts_hw.obj
g:/edk2/edk2/Build/EmulatorIA32/DEBUG_VS2019/IA32/CryptoPkg/Library/OpensslLib/OpensslLibCrypto/OUTPUT/openssl/providers/implementations/ciphers/cipher_cts.obj
g:/edk2/edk2/Build/EmulatorIA32/DEBUG_VS2019/IA32/CryptoPkg/Library/OpensslLib/OpensslLibCrypto/OUTPUT/openssl/providers/implementations/ciphers/cipher_null.obj
g:/edk2/edk2/Build/EmulatorIA32/DEBUG_VS2019/IA32/CryptoPkg/Library/OpensslLib/OpensslLibCrypto/OUTPUT/openssl/providers/implementations/digests/md5_prov.obj
g:/edk2/edk2/Build/EmulatorIA32/DEBUG_VS2019/IA32/CryptoPkg/Library/OpensslLib/OpensslLibCrypto/OUTPUT/openssl/providers/implementations/digests/md5_sha1_prov.obj
g:/edk2/edk2/Build/EmulatorIA32/DEBUG_VS2019/IA32/CryptoPkg/Library/OpensslLib/OpensslLibCrypto/OUTPUT/openssl/providers/implementations/digests/null_prov.obj
g:/edk2/edk2/Build/EmulatorIA32/DEBUG_VS2019/IA32/CryptoPkg/Library/OpensslLib/OpensslLibCrypto/OUTPUT/openssl/providers/implementations/digests/sha2_prov.obj
g:/edk2/edk2/Build/EmulatorIA32/DEBUG_VS2019/IA32/CryptoPkg/Library/OpensslLib/OpensslLibCrypto/OUTPUT/openssl/providers/implementations/digests/sha3_prov.obj
g:/edk2/edk2/Build/EmulatorIA32/DEBUG_VS2019/IA32/CryptoPkg/Library/OpensslLib/OpensslLibCrypto/OUTPUT/openssl/providers/implementations/digests/sm3_prov.obj
g:/edk2/edk2/Build/EmulatorIA32/DEBUG_VS2019/IA32/CryptoPkg/Library/OpensslLib/OpensslLibCrypto/OUTPUT/openssl/providers/implementations/encode_decode/decode_der2key.obj
g:/edk2/edk2/Build/EmulatorIA32/DEBUG_VS2019/IA32/CryptoPkg/Library/OpensslLib/OpensslLibCrypto/OUTPUT/openssl/providers/implementations/encode_decode/decode_epki2pki.obj
g:/edk2/edk2/Build/EmulatorIA32/DEBUG_VS2019/IA32/CryptoPkg/Library/OpensslLib/OpensslLibCrypto/OUTPUT/openssl/providers/implementations/encode_decode/decode_msblob2key.obj
g:/edk2/edk2/Build/EmulatorIA32/DEBUG_VS2019/IA32/CryptoPkg/Library/OpensslLib/OpensslLibCrypto/OUTPUT/openssl/providers/implementations/encode_decode/decode_pem2der.obj
g:/edk2/edk2/Build/EmulatorIA32/DEBUG_VS2019/IA32/CryptoPkg/Library/OpensslLib/OpensslLibCrypto/OUTPUT/openssl/providers/implementations/encode_decode/decode_pvk2key.obj
g:/edk2/edk2/Build/EmulatorIA32/DEBUG_VS2019/IA32/CryptoPkg/Library/OpensslLib/OpensslLibCrypto/OUTPUT/openssl/providers/implementations/encode_decode/decode_spki2typespki.obj
g:/edk2/edk2/Build/EmulatorIA32/DEBUG_VS2019/IA32/CryptoPkg/Library/OpensslLib/OpensslLibCrypto/OUTPUT/openssl/providers/implementations/encode_decode/endecoder_common.obj
g:/edk2/edk2/Build/EmulatorIA32/DEBUG_VS2019/IA32/CryptoPkg/Library/OpensslLib/OpensslLibCrypto/OUTPUT/openssl/providers/implementations/exchange/dh_exch.obj
g:/edk2/edk2/Build/EmulatorIA32/DEBUG_VS2019/IA32/CryptoPkg/Library/OpensslLib/OpensslLibCrypto/OUTPUT/openssl/providers/implementations/exchange/kdf_exch.obj
g:/edk2/edk2/Build/EmulatorIA32/DEBUG_VS2019/IA32/CryptoPkg/Library/OpensslLib/OpensslLibCrypto/OUTPUT/openssl/providers/implementations/kdfs/hkdf.obj
g:/edk2/edk2/Build/EmulatorIA32/DEBUG_VS2019/IA32/CryptoPkg/Library/OpensslLib/OpensslLibCrypto/OUTPUT/openssl/providers/implementations/kdfs/kbkdf.obj
g:/edk2/edk2/Build/EmulatorIA32/DEBUG_VS2019/IA32/CryptoPkg/Library/OpensslLib/OpensslLibCrypto/OUTPUT/openssl/providers/implementations/kdfs/krb5kdf.obj
g:/edk2/edk2/Build/EmulatorIA32/DEBUG_VS2019/IA32/CryptoPkg/Library/OpensslLib/OpensslLibCrypto/OUTPUT/openssl/providers/implementations/kdfs/pbkdf2.obj
g:/edk2/edk2/Build/EmulatorIA32/DEBUG_VS2019/IA32/CryptoPkg/Library/OpensslLib/OpensslLibCrypto/OUTPUT/openssl/providers/implementations/kdfs/pbkdf2_fips.obj
g:/edk2/edk2/Build/EmulatorIA32/DEBUG_VS2019/IA32/CryptoPkg/Library/OpensslLib/OpensslLibCrypto/OUTPUT/openssl/providers/implementations/kdfs/pkcs12kdf.obj
g:/edk2/edk2/Build/EmulatorIA32/DEBUG_VS2019/IA32/CryptoPkg/Library/OpensslLib/OpensslLibCrypto/OUTPUT/openssl/providers/implementations/kdfs/scrypt.obj
g:/edk2/edk2/Build/EmulatorIA32/DEBUG_VS2019/IA32/CryptoPkg/Library/OpensslLib/OpensslLibCrypto/OUTPUT/openssl/providers/implementations/kdfs/sshkdf.obj
g:/edk2/edk2/Build/EmulatorIA32/DEBUG_VS2019/IA32/CryptoPkg/Library/OpensslLib/OpensslLibCrypto/OUTPUT/openssl/providers/implementations/kdfs/sskdf.obj
g:/edk2/edk2/Build/EmulatorIA32/DEBUG_VS2019/IA32/CryptoPkg/Library/OpensslLib/OpensslLibCrypto/OUTPUT/openssl/providers/implementations/kdfs/tls1_prf.obj
g:/edk2/edk2/Build/EmulatorIA32/DEBUG_VS2019/IA32/CryptoPkg/Library/OpensslLib/OpensslLibCrypto/OUTPUT/openssl/providers/implementations/kdfs/x942kdf.obj
g:/edk2/edk2/Build/EmulatorIA32/DEBUG_VS2019/IA32/CryptoPkg/Library/OpensslLib/OpensslLibCrypto/OUTPUT/openssl/providers/implementations/kem/rsa_kem.obj
g:/edk2/edk2/Build/EmulatorIA32/DEBUG_VS2019/IA32/CryptoPkg/Library/OpensslLib/OpensslLibCrypto/OUTPUT/openssl/providers/implementations/keymgmt/dh_kmgmt.obj
g:/edk2/edk2/Build/EmulatorIA32/DEBUG_VS2019/IA32/CryptoPkg/Library/OpensslLib/OpensslLibCrypto/OUTPUT/openssl/providers/implementations/keymgmt/kdf_legacy_kmgmt.obj
g:/edk2/edk2/Build/EmulatorIA32/DEBUG_VS2019/IA32/CryptoPkg/Library/OpensslLib/OpensslLibCrypto/OUTPUT/openssl/providers/implementations/keymgmt/mac_legacy_kmgmt.obj
g:/edk2/edk2/Build/EmulatorIA32/DEBUG_VS2019/IA32/CryptoPkg/Library/OpensslLib/OpensslLibCrypto/OUTPUT/openssl/providers/implementations/keymgmt/rsa_kmgmt.obj
g:/edk2/edk2/Build/EmulatorIA32/DEBUG_VS2019/IA32/CryptoPkg/Library/OpensslLib/OpensslLibCrypto/OUTPUT/openssl/providers/implementations/macs/gmac_prov.obj
g:/edk2/edk2/Build/EmulatorIA32/DEBUG_VS2019/IA32/CryptoPkg/Library/OpensslLib/OpensslLibCrypto/OUTPUT/openssl/providers/implementations/macs/hmac_prov.obj
g:/edk2/edk2/Build/EmulatorIA32/DEBUG_VS2019/IA32/CryptoPkg/Library/OpensslLib/OpensslLibCrypto/OUTPUT/openssl/providers/implementations/macs/kmac_prov.obj
g:/edk2/edk2/Build/EmulatorIA32/DEBUG_VS2019/IA32/CryptoPkg/Library/OpensslLib/OpensslLibCrypto/OUTPUT/openssl/providers/implementations/rands/crngt.obj
g:/edk2/edk2/Build/EmulatorIA32/DEBUG_VS2019/IA32/CryptoPkg/Library/OpensslLib/OpensslLibCrypto/OUTPUT/openssl/providers/implementations/rands/drbg.obj
g:/edk2/edk2/Build/EmulatorIA32/DEBUG_VS2019/IA32/CryptoPkg/Library/OpensslLib/OpensslLibCrypto/OUTPUT/openssl/providers/implementations/rands/drbg_ctr.obj
g:/edk2/edk2/Build/EmulatorIA32/DEBUG_VS2019/IA32/CryptoPkg/Library/OpensslLib/OpensslLibCrypto/OUTPUT/openssl/providers/implementations/rands/drbg_hash.obj
g:/edk2/edk2/Build/EmulatorIA32/DEBUG_VS2019/IA32/CryptoPkg/Library/OpensslLib/OpensslLibCrypto/OUTPUT/openssl/providers/implementations/rands/drbg_hmac.obj
g:/edk2/edk2/Build/EmulatorIA32/DEBUG_VS2019/IA32/CryptoPkg/Library/OpensslLib/OpensslLibCrypto/OUTPUT/openssl/providers/implementations/rands/seed_src.obj
g:/edk2/edk2/Build/EmulatorIA32/DEBUG_VS2019/IA32/CryptoPkg/Library/OpensslLib/OpensslLibCrypto/OUTPUT/openssl/providers/implementations/rands/test_rng.obj
g:/edk2/edk2/Build/EmulatorIA32/DEBUG_VS2019/IA32/CryptoPkg/Library/OpensslLib/OpensslLibCrypto/OUTPUT/openssl/providers/implementations/rands/seeding/rand_cpu_x86.obj
g:/edk2/edk2/Build/EmulatorIA32/DEBUG_VS2019/IA32/CryptoPkg/Library/OpensslLib/OpensslLibCrypto/OUTPUT/openssl/providers/implementations/rands/seeding/rand_tsc.obj
g:/edk2/edk2/Build/EmulatorIA32/DEBUG_VS2019/IA32/CryptoPkg/Library/OpensslLib/OpensslLibCrypto/OUTPUT/openssl/providers/implementations/rands/seeding/rand_unix.obj
g:/edk2/edk2/Build/EmulatorIA32/DEBUG_VS2019/IA32/CryptoPkg/Library/OpensslLib/OpensslLibCrypto/OUTPUT/openssl/providers/implementations/rands/seeding/rand_win.obj
g:/edk2/edk2/Build/EmulatorIA32/DEBUG_VS2019/IA32/CryptoPkg/Library/OpensslLib/OpensslLibCrypto/OUTPUT/openssl/providers/implementations/signature/mac_legacy_sig.obj
g:/edk2/edk2/Build/EmulatorIA32/DEBUG_VS2019/IA32/CryptoPkg/Library/OpensslLib/OpensslLibCrypto/OUTPUT/openssl/providers/implementations/signature/rsa_sig.obj
g:/edk2/edk2/Build/EmulatorIA32/DEBUG_VS2019/IA32/CryptoPkg/Library/OpensslLib/OpensslLibCrypto/OUTPUT/openssl/ssl/s3_cbc.obj
g:/edk2/edk2/Build/EmulatorIA32/DEBUG_VS2019/IA32/CryptoPkg/Library/OpensslLib/OpensslLibCrypto/OUTPUT/openssl/providers/common/der/der_rsa_key.obj
g:/edk2/edk2/Build/EmulatorIA32/DEBUG_VS2019/IA32/CryptoPkg/Library/OpensslLib/OpensslLibCrypto/OUTPUT/openssl/providers/common/provider_ctx.obj
g:/edk2/edk2/Build/EmulatorIA32/DEBUG_VS2019/IA32/CryptoPkg/Library/OpensslLib/OpensslLibCrypto/OUTPUT/openssl/providers/common/provider_err.obj
g:/edk2/edk2/Build/EmulatorIA32/DEBUG_VS2019/IA32/CryptoPkg/Library/OpensslLib/OpensslLibCrypto/OUTPUT/openssl/providers/implementations/ciphers/ciphercommon.obj
g:/edk2/edk2/Build/EmulatorIA32/DEBUG_VS2019/IA32/CryptoPkg/Library/OpensslLib/OpensslLibCrypto/OUTPUT/openssl/providers/implementations/ciphers/ciphercommon_block.obj
g:/edk2/edk2/Build/EmulatorIA32/DEBUG_VS2019/IA32/CryptoPkg/Library/OpensslLib/OpensslLibCrypto/OUTPUT/openssl/providers/implementations/ciphers/ciphercommon_ccm.obj
g:/edk2/edk2/Build/EmulatorIA32/DEBUG_VS2019/IA32/CryptoPkg/Library/OpensslLib/OpensslLibCrypto/OUTPUT/openssl/providers/implementations/ciphers/ciphercommon_ccm_hw.obj
g:/edk2/edk2/Build/EmulatorIA32/DEBUG_VS2019/IA32/CryptoPkg/Library/OpensslLib/OpensslLibCrypto/OUTPUT/openssl/providers/implementations/ciphers/ciphercommon_gcm.obj
g:/edk2/edk2/Build/EmulatorIA32/DEBUG_VS2019/IA32/CryptoPkg/Library/OpensslLib/OpensslLibCrypto/OUTPUT/openssl/providers/implementations/ciphers/ciphercommon_gcm_hw.obj
g:/edk2/edk2/Build/EmulatorIA32/DEBUG_VS2019/IA32/CryptoPkg/Library/OpensslLib/OpensslLibCrypto/OUTPUT/openssl/providers/implementations/ciphers/ciphercommon_hw.obj
g:/edk2/edk2/Build/EmulatorIA32/DEBUG_VS2019/IA32/CryptoPkg/Library/OpensslLib/OpensslLibCrypto/OUTPUT/openssl/providers/implementations/digests/digestcommon.obj
g:/edk2/edk2/Build/EmulatorIA32/DEBUG_VS2019/IA32/CryptoPkg/Library/OpensslLib/OpensslLibCrypto/OUTPUT/openssl/ssl/record/tls_pad.obj
g:/edk2/edk2/Build/EmulatorIA32/DEBUG_VS2019/IA32/CryptoPkg/Library/OpensslLib/OpensslLibCrypto/OUTPUT/OpensslGen/providers/common/der/der_digests_gen.obj
g:/edk2/edk2/Build/EmulatorIA32/DEBUG_VS2019/IA32/CryptoPkg/Library/OpensslLib/OpensslLibCrypto/OUTPUT/OpensslGen/providers/common/der/der_rsa_gen.obj
g:/edk2/edk2/Build/EmulatorIA32/DEBUG_VS2019/IA32/CryptoPkg/Library/OpensslLib/OpensslLibCrypto/OUTPUT/OpensslGen/providers/common/der/der_wrap_gen.obj
g:/edk2/edk2/Build/EmulatorIA32/DEBUG_VS2019/IA32/CryptoPkg/Library/OpensslLib/OpensslLibCrypto/OUTPUT/buildinf.obj
g:/edk2/edk2/Build/EmulatorIA32/DEBUG_VS2019/IA32/CryptoPkg/Library/OpensslLib/OpensslLibCrypto/OUTPUT/OpensslStub/ossl_store.obj
g:/edk2/edk2/Build/EmulatorIA32/DEBUG_VS2019/IA32/CryptoPkg/Library/OpensslLib/OpensslLibCrypto/OUTPUT/OpensslStub/rand_pool.obj
g:/edk2/edk2/Build/EmulatorIA32/DEBUG_VS2019/IA32/CryptoPkg/Library/OpensslLib/OpensslLibCrypto/OUTPUT/OpensslStub/SslNull.obj
g:/edk2/edk2/Build/EmulatorIA32/DEBUG_VS2019/IA32/CryptoPkg/Library/OpensslLib/OpensslLibCrypto/OUTPUT/OpensslStub/EcSm2Null.obj
g:/edk2/edk2/Build/EmulatorIA32/DEBUG_VS2019/IA32/CryptoPkg/Library/OpensslLib/OpensslLibCrypto/OUTPUT/OpensslStub/uefiprov.obj
g:/edk2/edk2/Build/EmulatorIA32/DEBUG_VS2019/IA32/CryptoPkg/Library/OpensslLib/OpensslLibCrypto/OUTPUT/OpensslStub/EncoderNull.obj
g:/edk2/edk2/Build/EmulatorIA32/DEBUG_VS2019/IA32/CryptoPkg/Library/OpensslLib/OpensslLibCrypto/OUTPUT/OpensslStub/Pkcs12Null.obj