g:/edk2/edk2/Build/EmulatorIA32/DEBUG_VS2019/IA32/MdeModulePkg/Application/UiApp/UiApp/OUTPUT/UiApp.lib
g:/edk2/edk2/Build/EmulatorIA32/DEBUG_VS2019/IA32/MdePkg/Library/RegisterFilterLibNull/RegisterFilterLibNull/OUTPUT/FilterLibNull.lib
g:/edk2/edk2/Build/EmulatorIA32/DEBUG_VS2019/IA32/MdePkg/Library/BaseDebugPrintErrorLevelLib/BaseDebugPrintErrorLevelLib/OUTPUT/BaseDebugPrintErrorLevelLib.lib
g:/edk2/edk2/Build/EmulatorIA32/DEBUG_VS2019/IA32/MdePkg/Library/DxePcdLib/DxePcdLib/OUTPUT/DxePcdLib.lib
g:/edk2/edk2/Build/EmulatorIA32/DEBUG_VS2019/IA32/MdePkg/Library/BasePrintLib/BasePrintLib/OUTPUT/BasePrintLib.lib
g:/edk2/edk2/Build/EmulatorIA32/DEBUG_VS2019/IA32/MdeModulePkg/Library/PeiDxeDebugLibReportStatusCode/PeiDxeDebugLibReportStatusCode/OUTPUT/PeiDxeDebugLibReportStatusCode.lib
g:/edk2/edk2/Build/EmulatorIA32/DEBUG_VS2019/IA32/MdePkg/Library/BaseMemoryLib/BaseMemoryLib/OUTPUT/BaseMemoryLib.lib
g:/edk2/edk2/Build/EmulatorIA32/DEBUG_VS2019/IA32/MdePkg/Library/UefiMemoryAllocationLib/UefiMemoryAllocationLib/OUTPUT/UefiMemoryAllocationLib.lib
g:/edk2/edk2/Build/EmulatorIA32/DEBUG_VS2019/IA32/MdeModulePkg/Library/DxeReportStatusCodeLib/DxeReportStatusCodeLib/OUTPUT/DxeReportStatusCodeLib.lib
g:/edk2/edk2/Build/EmulatorIA32/DEBUG_VS2019/IA32/MdePkg/Library/BaseLib/BaseLib/OUTPUT/BaseLib.lib
g:/edk2/edk2/Build/EmulatorIA32/DEBUG_VS2019/IA32/MdePkg/Library/UefiDevicePathLib/UefiDevicePathLib/OUTPUT/UefiDevicePathLib.lib
g:/edk2/edk2/Build/EmulatorIA32/DEBUG_VS2019/IA32/MdePkg/Library/UefiBootServicesTableLib/UefiBootServicesTableLib/OUTPUT/UefiBootServicesTableLib.lib
g:/edk2/edk2/Build/EmulatorIA32/DEBUG_VS2019/IA32/MdePkg/Library/UefiRuntimeServicesTableLib/UefiRuntimeServicesTableLib/OUTPUT/UefiRuntimeServicesTableLib.lib
g:/edk2/edk2/Build/EmulatorIA32/DEBUG_VS2019/IA32/MdePkg/Library/UefiLib/UefiLib/OUTPUT/UefiLib.lib
g:/edk2/edk2/Build/EmulatorIA32/DEBUG_VS2019/IA32/MdeModulePkg/Library/UefiHiiServicesLib/UefiHiiServicesLib/OUTPUT/UefiHiiServicesLib.lib
g:/edk2/edk2/Build/EmulatorIA32/DEBUG_VS2019/IA32/MdeModulePkg/Library/VariablePolicyHelperLib/VariablePolicyHelperLib/OUTPUT/VariablePolicyHelperLib.lib
g:/edk2/edk2/Build/EmulatorIA32/DEBUG_VS2019/IA32/MdeModulePkg/Library/BaseSortLib/BaseSortLib/OUTPUT/BaseSortLib.lib
g:/edk2/edk2/Build/EmulatorIA32/DEBUG_VS2019/IA32/MdePkg/Library/DxeServicesLib/DxeServicesLib/OUTPUT/DxeServicesLib.lib
g:/edk2/edk2/Build/EmulatorIA32/DEBUG_VS2019/IA32/MdePkg/Library/DxeServicesTableLib/DxeServicesTableLib/OUTPUT/DxeServicesTableLib.lib
g:/edk2/edk2/Build/EmulatorIA32/DEBUG_VS2019/IA32/MdePkg/Library/BasePeCoffGetEntryPointLib/BasePeCoffGetEntryPointLib/OUTPUT/BasePeCoffGetEntryPointLib.lib
g:/edk2/edk2/Build/EmulatorIA32/DEBUG_VS2019/IA32/MdePkg/Library/BasePerformanceLibNull/BasePerformanceLibNull/OUTPUT/BasePerformanceLibNull.lib
g:/edk2/edk2/Build/EmulatorIA32/DEBUG_VS2019/IA32/MdePkg/Library/DxeHobLib/DxeHobLib/OUTPUT/DxeHobLib.lib
g:/edk2/edk2/Build/EmulatorIA32/DEBUG_VS2019/IA32/MdeModulePkg/Library/UefiHiiLib/UefiHiiLib/OUTPUT/UefiHiiLib.lib
g:/edk2/edk2/Build/EmulatorIA32/DEBUG_VS2019/IA32/MdeModulePkg/Library/UefiBootManagerLib/UefiBootManagerLib/OUTPUT/UefiBootManagerLib.lib
g:/edk2/edk2/Build/EmulatorIA32/DEBUG_VS2019/IA32/MdeModulePkg/Library/FileExplorerLib/FileExplorerLib/OUTPUT/FileExplorerLib.lib
g:/edk2/edk2/Build/EmulatorIA32/DEBUG_VS2019/IA32/MdePkg/Library/UefiApplicationEntryPoint/UefiApplicationEntryPoint/OUTPUT/UefiApplicationEntryPoint.lib
g:/edk2/edk2/Build/EmulatorIA32/DEBUG_VS2019/IA32/MdePkg/Library/StackCheckLibNull/StackCheckLibNull/OUTPUT/StackCheckLibNull.lib
g:/edk2/edk2/Build/EmulatorIA32/DEBUG_VS2019/IA32/MdeModulePkg/Library/DeviceManagerUiLib/DeviceManagerUiLib/OUTPUT/DeviceManagerUiLib.lib
g:/edk2/edk2/Build/EmulatorIA32/DEBUG_VS2019/IA32/MdeModulePkg/Library/BootManagerUiLib/BootManagerUiLib/OUTPUT/BootManagerUiLib.lib
g:/edk2/edk2/Build/EmulatorIA32/DEBUG_VS2019/IA32/MdeModulePkg/Library/BootMaintenanceManagerUiLib/BootMaintenanceManagerUiLib/OUTPUT/BootMaintenanceManagerUiLib.lib