g:/edk2/edk2/Build/EmulatorIA32/DEBUG_VS2019/IA32/CryptoPkg/Library/BaseCryptLib/BaseCryptLib/OUTPUT/Hash/CryptMd5.obj
g:/edk2/edk2/Build/EmulatorIA32/DEBUG_VS2019/IA32/CryptoPkg/Library/BaseCryptLib/BaseCryptLib/OUTPUT/Hash/CryptSha1.obj
g:/edk2/edk2/Build/EmulatorIA32/DEBUG_VS2019/IA32/CryptoPkg/Library/BaseCryptLib/BaseCryptLib/OUTPUT/Hash/CryptSha256.obj
g:/edk2/edk2/Build/EmulatorIA32/DEBUG_VS2019/IA32/CryptoPkg/Library/BaseCryptLib/BaseCryptLib/OUTPUT/Hash/CryptSha512.obj
g:/edk2/edk2/Build/EmulatorIA32/DEBUG_VS2019/IA32/CryptoPkg/Library/BaseCryptLib/BaseCryptLib/OUTPUT/Hash/CryptSm3.obj
g:/edk2/edk2/Build/EmulatorIA32/DEBUG_VS2019/IA32/CryptoPkg/Library/BaseCryptLib/BaseCryptLib/OUTPUT/Hash/CryptSha3.obj
g:/edk2/edk2/Build/EmulatorIA32/DEBUG_VS2019/IA32/CryptoPkg/Library/BaseCryptLib/BaseCryptLib/OUTPUT/Hash/CryptXkcp.obj
g:/edk2/edk2/Build/EmulatorIA32/DEBUG_VS2019/IA32/CryptoPkg/Library/BaseCryptLib/BaseCryptLib/OUTPUT/Hash/CryptCShake256.obj
g:/edk2/edk2/Build/EmulatorIA32/DEBUG_VS2019/IA32/CryptoPkg/Library/BaseCryptLib/BaseCryptLib/OUTPUT/Hash/CryptParallelHash.obj
g:/edk2/edk2/Build/EmulatorIA32/DEBUG_VS2019/IA32/CryptoPkg/Library/BaseCryptLib/BaseCryptLib/OUTPUT/Hash/CryptDispatchApDxe.obj
g:/edk2/edk2/Build/EmulatorIA32/DEBUG_VS2019/IA32/CryptoPkg/Library/BaseCryptLib/BaseCryptLib/OUTPUT/Hmac/CryptHmac.obj
g:/edk2/edk2/Build/EmulatorIA32/DEBUG_VS2019/IA32/CryptoPkg/Library/BaseCryptLib/BaseCryptLib/OUTPUT/Kdf/CryptHkdf.obj
g:/edk2/edk2/Build/EmulatorIA32/DEBUG_VS2019/IA32/CryptoPkg/Library/BaseCryptLib/BaseCryptLib/OUTPUT/Cipher/CryptAes.obj
g:/edk2/edk2/Build/EmulatorIA32/DEBUG_VS2019/IA32/CryptoPkg/Library/BaseCryptLib/BaseCryptLib/OUTPUT/Cipher/CryptAeadAesGcm.obj
g:/edk2/edk2/Build/EmulatorIA32/DEBUG_VS2019/IA32/CryptoPkg/Library/BaseCryptLib/BaseCryptLib/OUTPUT/Pk/CryptRsaBasic.obj
g:/edk2/edk2/Build/EmulatorIA32/DEBUG_VS2019/IA32/CryptoPkg/Library/BaseCryptLib/BaseCryptLib/OUTPUT/Pk/CryptRsaExt.obj
g:/edk2/edk2/Build/EmulatorIA32/DEBUG_VS2019/IA32/CryptoPkg/Library/BaseCryptLib/BaseCryptLib/OUTPUT/Pk/CryptPkcs1Oaep.obj
g:/edk2/edk2/Build/EmulatorIA32/DEBUG_VS2019/IA32/CryptoPkg/Library/BaseCryptLib/BaseCryptLib/OUTPUT/Pk/CryptPkcs5Pbkdf2.obj
g:/edk2/edk2/Build/EmulatorIA32/DEBUG_VS2019/IA32/CryptoPkg/Library/BaseCryptLib/BaseCryptLib/OUTPUT/Pk/CryptPkcs7Sign.obj
g:/edk2/edk2/Build/EmulatorIA32/DEBUG_VS2019/IA32/CryptoPkg/Library/BaseCryptLib/BaseCryptLib/OUTPUT/Pk/CryptPkcs7VerifyCommon.obj
g:/edk2/edk2/Build/EmulatorIA32/DEBUG_VS2019/IA32/CryptoPkg/Library/BaseCryptLib/BaseCryptLib/OUTPUT/Pk/CryptPkcs7VerifyBase.obj
g:/edk2/edk2/Build/EmulatorIA32/DEBUG_VS2019/IA32/CryptoPkg/Library/BaseCryptLib/BaseCryptLib/OUTPUT/Pk/CryptPkcs7VerifyEku.obj
g:/edk2/edk2/Build/EmulatorIA32/DEBUG_VS2019/IA32/CryptoPkg/Library/BaseCryptLib/BaseCryptLib/OUTPUT/Pk/CryptDh.obj
g:/edk2/edk2/Build/EmulatorIA32/DEBUG_VS2019/IA32/CryptoPkg/Library/BaseCryptLib/BaseCryptLib/OUTPUT/Pk/CryptX509.obj
g:/edk2/edk2/Build/EmulatorIA32/DEBUG_VS2019/IA32/CryptoPkg/Library/BaseCryptLib/BaseCryptLib/OUTPUT/Pk/CryptAuthenticode.obj
g:/edk2/edk2/Build/EmulatorIA32/DEBUG_VS2019/IA32/CryptoPkg/Library/BaseCryptLib/BaseCryptLib/OUTPUT/Pk/CryptTs.obj
g:/edk2/edk2/Build/EmulatorIA32/DEBUG_VS2019/IA32/CryptoPkg/Library/BaseCryptLib/BaseCryptLib/OUTPUT/Pk/CryptRsaPss.obj
g:/edk2/edk2/Build/EmulatorIA32/DEBUG_VS2019/IA32/CryptoPkg/Library/BaseCryptLib/BaseCryptLib/OUTPUT/Pk/CryptRsaPssSign.obj
g:/edk2/edk2/Build/EmulatorIA32/DEBUG_VS2019/IA32/CryptoPkg/Library/BaseCryptLib/BaseCryptLib/OUTPUT/Pk/CryptEc.obj
g:/edk2/edk2/Build/EmulatorIA32/DEBUG_VS2019/IA32/CryptoPkg/Library/BaseCryptLib/BaseCryptLib/OUTPUT/Pem/CryptPem.obj
g:/edk2/edk2/Build/EmulatorIA32/DEBUG_VS2019/IA32/CryptoPkg/Library/BaseCryptLib/BaseCryptLib/OUTPUT/Bn/CryptBn.obj
g:/edk2/edk2/Build/EmulatorIA32/DEBUG_VS2019/IA32/CryptoPkg/Library/BaseCryptLib/BaseCryptLib/OUTPUT/SysCall/CrtWrapper.obj
g:/edk2/edk2/Build/EmulatorIA32/DEBUG_VS2019/IA32/CryptoPkg/Library/BaseCryptLib/BaseCryptLib/OUTPUT/SysCall/TimerWrapper.obj
g:/edk2/edk2/Build/EmulatorIA32/DEBUG_VS2019/IA32/CryptoPkg/Library/BaseCryptLib/BaseCryptLib/OUTPUT/SysCall/BaseMemAllocation.obj
g:/edk2/edk2/Build/EmulatorIA32/DEBUG_VS2019/IA32/CryptoPkg/Library/BaseCryptLib/BaseCryptLib/OUTPUT/Rand/CryptRandTsc.obj