g:/edk2/edk2/Build/EmulatorIA32/DEBUG_VS2019/IA32/ShellPkg/Application/Shell/Shell/OUTPUT/Shell.lib
g:/edk2/edk2/Build/EmulatorIA32/DEBUG_VS2019/IA32/MdePkg/Library/BaseDebugPrintErrorLevelLib/BaseDebugPrintErrorLevelLib/OUTPUT/BaseDebugPrintErrorLevelLib.lib
g:/edk2/edk2/Build/EmulatorIA32/DEBUG_VS2019/IA32/MdePkg/Library/RegisterFilterLibNull/RegisterFilterLibNull/OUTPUT/FilterLibNull.lib
g:/edk2/edk2/Build/EmulatorIA32/DEBUG_VS2019/IA32/MdeModulePkg/Library/DxeReportStatusCodeLib/DxeReportStatusCodeLib/OUTPUT/DxeReportStatusCodeLib.lib
g:/edk2/edk2/Build/EmulatorIA32/DEBUG_VS2019/IA32/MdePkg/Library/BasePrintLib/BasePrintLib/OUTPUT/BasePrintLib.lib
g:/edk2/edk2/Build/EmulatorIA32/DEBUG_VS2019/IA32/MdePkg/Library/DxePcdLib/DxePcdLib/OUTPUT/DxePcdLib.lib
g:/edk2/edk2/Build/EmulatorIA32/DEBUG_VS2019/IA32/MdePkg/Library/BaseMemoryLib/BaseMemoryLib/OUTPUT/BaseMemoryLib.lib
g:/edk2/edk2/Build/EmulatorIA32/DEBUG_VS2019/IA32/MdePkg/Library/UefiDevicePathLib/UefiDevicePathLib/OUTPUT/UefiDevicePathLib.lib
g:/edk2/edk2/Build/EmulatorIA32/DEBUG_VS2019/IA32/MdePkg/Library/UefiMemoryAllocationLib/UefiMemoryAllocationLib/OUTPUT/UefiMemoryAllocationLib.lib
g:/edk2/edk2/Build/EmulatorIA32/DEBUG_VS2019/IA32/MdeModulePkg/Library/PeiDxeDebugLibReportStatusCode/PeiDxeDebugLibReportStatusCode/OUTPUT/PeiDxeDebugLibReportStatusCode.lib
g:/edk2/edk2/Build/EmulatorIA32/DEBUG_VS2019/IA32/MdePkg/Library/BaseLib/BaseLib/OUTPUT/BaseLib.lib
g:/edk2/edk2/Build/EmulatorIA32/DEBUG_VS2019/IA32/MdePkg/Library/UefiBootServicesTableLib/UefiBootServicesTableLib/OUTPUT/UefiBootServicesTableLib.lib
g:/edk2/edk2/Build/EmulatorIA32/DEBUG_VS2019/IA32/MdePkg/Library/UefiRuntimeServicesTableLib/UefiRuntimeServicesTableLib/OUTPUT/UefiRuntimeServicesTableLib.lib
g:/edk2/edk2/Build/EmulatorIA32/DEBUG_VS2019/IA32/MdeModulePkg/Library/UefiHiiServicesLib/UefiHiiServicesLib/OUTPUT/UefiHiiServicesLib.lib
g:/edk2/edk2/Build/EmulatorIA32/DEBUG_VS2019/IA32/MdePkg/Library/UefiLib/UefiLib/OUTPUT/UefiLib.lib
g:/edk2/edk2/Build/EmulatorIA32/DEBUG_VS2019/IA32/MdeModulePkg/Library/UefiSortLib/UefiSortLib/OUTPUT/UefiSortLib.lib
g:/edk2/edk2/Build/EmulatorIA32/DEBUG_VS2019/IA32/MdeModulePkg/Library/UefiHiiLib/UefiHiiLib/OUTPUT/UefiHiiLib.lib
g:/edk2/edk2/Build/EmulatorIA32/DEBUG_VS2019/IA32/MdePkg/Library/UefiFileHandleLib/UefiFileHandleLib/OUTPUT/UefiFileHandleLib.lib
g:/edk2/edk2/Build/EmulatorIA32/DEBUG_VS2019/IA32/MdePkg/Library/BasePeCoffGetEntryPointLib/BasePeCoffGetEntryPointLib/OUTPUT/BasePeCoffGetEntryPointLib.lib
g:/edk2/edk2/Build/EmulatorIA32/DEBUG_VS2019/IA32/MdeModulePkg/Library/VariablePolicyHelperLib/VariablePolicyHelperLib/OUTPUT/VariablePolicyHelperLib.lib
g:/edk2/edk2/Build/EmulatorIA32/DEBUG_VS2019/IA32/MdePkg/Library/DxeServicesLib/DxeServicesLib/OUTPUT/DxeServicesLib.lib
g:/edk2/edk2/Build/EmulatorIA32/DEBUG_VS2019/IA32/MdePkg/Library/DxeServicesTableLib/DxeServicesTableLib/OUTPUT/DxeServicesTableLib.lib
g:/edk2/edk2/Build/EmulatorIA32/DEBUG_VS2019/IA32/MdePkg/Library/BasePerformanceLibNull/BasePerformanceLibNull/OUTPUT/BasePerformanceLibNull.lib
g:/edk2/edk2/Build/EmulatorIA32/DEBUG_VS2019/IA32/MdePkg/Library/DxeHobLib/DxeHobLib/OUTPUT/DxeHobLib.lib
g:/edk2/edk2/Build/EmulatorIA32/DEBUG_VS2019/IA32/MdePkg/Library/BaseOrderedCollectionRedBlackTreeLib/BaseOrderedCollectionRedBlackTreeLib/OUTPUT/BaseOrderedCollectionRedBlackTreeLib.lib
g:/edk2/edk2/Build/EmulatorIA32/DEBUG_VS2019/IA32/ShellPkg/Library/UefiShellLib/UefiShellLib/OUTPUT/UefiShellLib.lib
g:/edk2/edk2/Build/EmulatorIA32/DEBUG_VS2019/IA32/ShellPkg/Library/UefiHandleParsingLib/UefiHandleParsingLib/OUTPUT/UefiHandleParsingLib.lib
g:/edk2/edk2/Build/EmulatorIA32/DEBUG_VS2019/IA32/MdeModulePkg/Library/UefiBootManagerLib/UefiBootManagerLib/OUTPUT/UefiBootManagerLib.lib
g:/edk2/edk2/Build/EmulatorIA32/DEBUG_VS2019/IA32/ShellPkg/Library/UefiShellCommandLib/UefiShellCommandLib/OUTPUT/UefiShellCommandLib.lib
g:/edk2/edk2/Build/EmulatorIA32/DEBUG_VS2019/IA32/MdePkg/Library/BaseIoLibIntrinsic/BaseIoLibIntrinsic/OUTPUT/BaseIoLibIntrinsic.lib
g:/edk2/edk2/Build/EmulatorIA32/DEBUG_VS2019/IA32/ShellPkg/Library/UefiShellBcfgCommandLib/UefiShellBcfgCommandLib/OUTPUT/UefiShellBcfgCommandLib.lib
g:/edk2/edk2/Build/EmulatorIA32/DEBUG_VS2019/IA32/NetworkPkg/Library/DxeNetLib/DxeNetLib/OUTPUT/DxeNetLib.lib
g:/edk2/edk2/Build/EmulatorIA32/DEBUG_VS2019/IA32/MdePkg/Library/UefiApplicationEntryPoint/UefiApplicationEntryPoint/OUTPUT/UefiApplicationEntryPoint.lib
g:/edk2/edk2/Build/EmulatorIA32/DEBUG_VS2019/IA32/MdePkg/Library/StackCheckLibNull/StackCheckLibNull/OUTPUT/StackCheckLibNull.lib
g:/edk2/edk2/Build/EmulatorIA32/DEBUG_VS2019/IA32/ShellPkg/Library/UefiShellLevel2CommandsLib/UefiShellLevel2CommandsLib/OUTPUT/UefiShellLevel2CommandsLib.lib
g:/edk2/edk2/Build/EmulatorIA32/DEBUG_VS2019/IA32/ShellPkg/Library/UefiShellLevel1CommandsLib/UefiShellLevel1CommandsLib/OUTPUT/UefiShellLevel1CommandsLib.lib
g:/edk2/edk2/Build/EmulatorIA32/DEBUG_VS2019/IA32/ShellPkg/Library/UefiShellLevel3CommandsLib/UefiShellLevel3CommandsLib/OUTPUT/UefiShellLevel3CommandsLib.lib
g:/edk2/edk2/Build/EmulatorIA32/DEBUG_VS2019/IA32/ShellPkg/Library/UefiShellDriver1CommandsLib/UefiShellDriver1CommandsLib/OUTPUT/UefiShellDriver1CommandsLib.lib
g:/edk2/edk2/Build/EmulatorIA32/DEBUG_VS2019/IA32/ShellPkg/Library/UefiShellDebug1CommandsLib/UefiShellDebug1CommandsLib/OUTPUT/UefiShellDebug1CommandsLib.lib
g:/edk2/edk2/Build/EmulatorIA32/DEBUG_VS2019/IA32/ShellPkg/Library/UefiShellInstall1CommandsLib/UefiShellInstall1CommandsLib/OUTPUT/UefiShellInstall1CommandsLib.lib
g:/edk2/edk2/Build/EmulatorIA32/DEBUG_VS2019/IA32/ShellPkg/Library/UefiShellNetwork1CommandsLib/UefiShellNetwork1CommandsLib/OUTPUT/UefiShellNetwork1CommandsLib.lib