g:/edk2/edk2/Build/EmulatorIA32/DEBUG_VS2019/IA32/MdeModulePkg/Universal/Variable/RuntimeDxe/VariableRuntimeDxe/OUTPUT/VariableRuntimeDxe.lib
g:/edk2/edk2/Build/EmulatorIA32/DEBUG_VS2019/IA32/MdePkg/Library/RegisterFilterLibNull/RegisterFilterLibNull/OUTPUT/FilterLibNull.lib
g:/edk2/edk2/Build/EmulatorIA32/DEBUG_VS2019/IA32/MdePkg/Library/BaseDebugPrintErrorLevelLib/BaseDebugPrintErrorLevelLib/OUTPUT/BaseDebugPrintErrorLevelLib.lib
g:/edk2/edk2/Build/EmulatorIA32/DEBUG_VS2019/IA32/MdeModulePkg/Library/DxeReportStatusCodeLib/DxeReportStatusCodeLib/OUTPUT/DxeReportStatusCodeLib.lib
g:/edk2/edk2/Build/EmulatorIA32/DEBUG_VS2019/IA32/MdePkg/Library/BasePrintLib/BasePrintLib/OUTPUT/BasePrintLib.lib
g:/edk2/edk2/Build/EmulatorIA32/DEBUG_VS2019/IA32/MdePkg/Library/UefiDevicePathLib/UefiDevicePathLib/OUTPUT/UefiDevicePathLib.lib
g:/edk2/edk2/Build/EmulatorIA32/DEBUG_VS2019/IA32/MdePkg/Library/DxePcdLib/DxePcdLib/OUTPUT/DxePcdLib.lib
g:/edk2/edk2/Build/EmulatorIA32/DEBUG_VS2019/IA32/MdeModulePkg/Library/PeiDxeDebugLibReportStatusCode/PeiDxeDebugLibReportStatusCode/OUTPUT/PeiDxeDebugLibReportStatusCode.lib
g:/edk2/edk2/Build/EmulatorIA32/DEBUG_VS2019/IA32/MdePkg/Library/BaseMemoryLib/BaseMemoryLib/OUTPUT/BaseMemoryLib.lib
g:/edk2/edk2/Build/EmulatorIA32/DEBUG_VS2019/IA32/MdePkg/Library/BaseLib/BaseLib/OUTPUT/BaseLib.lib
g:/edk2/edk2/Build/EmulatorIA32/DEBUG_VS2019/IA32/MdePkg/Library/UefiMemoryAllocationLib/UefiMemoryAllocationLib/OUTPUT/UefiMemoryAllocationLib.lib
g:/edk2/edk2/Build/EmulatorIA32/DEBUG_VS2019/IA32/MdePkg/Library/UefiBootServicesTableLib/UefiBootServicesTableLib/OUTPUT/UefiBootServicesTableLib.lib
g:/edk2/edk2/Build/EmulatorIA32/DEBUG_VS2019/IA32/MdePkg/Library/UefiRuntimeServicesTableLib/UefiRuntimeServicesTableLib/OUTPUT/UefiRuntimeServicesTableLib.lib
g:/edk2/edk2/Build/EmulatorIA32/DEBUG_VS2019/IA32/MdePkg/Library/UefiLib/UefiLib/OUTPUT/UefiLib.lib
g:/edk2/edk2/Build/EmulatorIA32/DEBUG_VS2019/IA32/MdePkg/Library/DxeHobLib/DxeHobLib/OUTPUT/DxeHobLib.lib
g:/edk2/edk2/Build/EmulatorIA32/DEBUG_VS2019/IA32/EmulatorPkg/Library/DxeEmuLib/DxeEmuLib/OUTPUT/DxeEmuLib.lib
g:/edk2/edk2/Build/EmulatorIA32/DEBUG_VS2019/IA32/EmulatorPkg/Library/DxeTimerLib/DxeTimerLib/OUTPUT/EmuDxeTimerLib.lib
g:/edk2/edk2/Build/EmulatorIA32/DEBUG_VS2019/IA32/MdePkg/Library/BaseSafeIntLib/BaseSafeIntLib/OUTPUT/BaseSafeIntLib.lib
g:/edk2/edk2/Build/EmulatorIA32/DEBUG_VS2019/IA32/MdeModulePkg/Library/VarCheckLib/VarCheckLib/OUTPUT/VarCheckLib.lib
g:/edk2/edk2/Build/EmulatorIA32/DEBUG_VS2019/IA32/MdePkg/Library/BaseSynchronizationLib/BaseSynchronizationLib/OUTPUT/BaseSynchronizationLib.lib
g:/edk2/edk2/Build/EmulatorIA32/DEBUG_VS2019/IA32/MdePkg/Library/UefiRuntimeLib/UefiRuntimeLib/OUTPUT/UefiRuntimeLib.lib
g:/edk2/edk2/Build/EmulatorIA32/DEBUG_VS2019/IA32/MdePkg/Library/DxeServicesTableLib/DxeServicesTableLib/OUTPUT/DxeServicesTableLib.lib
g:/edk2/edk2/Build/EmulatorIA32/DEBUG_VS2019/IA32/MdePkg/Library/UefiDriverEntryPoint/UefiDriverEntryPoint/OUTPUT/UefiDriverEntryPoint.lib
g:/edk2/edk2/Build/EmulatorIA32/DEBUG_VS2019/IA32/MdeModulePkg/Library/TpmMeasurementLibNull/TpmMeasurementLibNull/OUTPUT/TpmMeasurementLibNull.lib
g:/edk2/edk2/Build/EmulatorIA32/DEBUG_VS2019/IA32/MdeModulePkg/Library/AuthVariableLibNull/AuthVariableLibNull/OUTPUT/AuthVariableLibNull.lib
g:/edk2/edk2/Build/EmulatorIA32/DEBUG_VS2019/IA32/MdeModulePkg/Library/BaseVariableFlashInfoLib/BaseVariableFlashInfoLib/OUTPUT/BaseVariableFlashInfoLib.lib
g:/edk2/edk2/Build/EmulatorIA32/DEBUG_VS2019/IA32/MdeModulePkg/Library/VariablePolicyLib/VariablePolicyLibRuntimeDxe/OUTPUT/VariablePolicyLibRuntimeDxe.lib
g:/edk2/edk2/Build/EmulatorIA32/DEBUG_VS2019/IA32/MdeModulePkg/Library/VariablePolicyHelperLib/VariablePolicyHelperLib/OUTPUT/VariablePolicyHelperLib.lib
g:/edk2/edk2/Build/EmulatorIA32/DEBUG_VS2019/IA32/MdePkg/Library/StackCheckLibNull/StackCheckLibNull/OUTPUT/StackCheckLibNull.lib
g:/edk2/edk2/Build/EmulatorIA32/DEBUG_VS2019/IA32/MdeModulePkg/Library/VarCheckUefiLib/VarCheckUefiLib/OUTPUT/VarCheckUefiLib.lib