g:/edk2/edk2/Build/EmulatorIA32/DEBUG_VS2019/IA32/ShellPkg/DynamicCommand/TftpDynamicCommand/TftpDynamicCommand/OUTPUT/tftpDynamicCommand.lib
g:/edk2/edk2/Build/EmulatorIA32/DEBUG_VS2019/IA32/MdePkg/Library/RegisterFilterLibNull/RegisterFilterLibNull/OUTPUT/FilterLibNull.lib
g:/edk2/edk2/Build/EmulatorIA32/DEBUG_VS2019/IA32/MdePkg/Library/BaseDebugPrintErrorLevelLib/BaseDebugPrintErrorLevelLib/OUTPUT/BaseDebugPrintErrorLevelLib.lib
g:/edk2/edk2/Build/EmulatorIA32/DEBUG_VS2019/IA32/MdeModulePkg/Library/DxeReportStatusCodeLib/DxeReportStatusCodeLib/OUTPUT/DxeReportStatusCodeLib.lib
g:/edk2/edk2/Build/EmulatorIA32/DEBUG_VS2019/IA32/MdePkg/Library/DxePcdLib/DxePcdLib/OUTPUT/DxePcdLib.lib
g:/edk2/edk2/Build/EmulatorIA32/DEBUG_VS2019/IA32/MdePkg/Library/BasePrintLib/BasePrintLib/OUTPUT/BasePrintLib.lib
g:/edk2/edk2/Build/EmulatorIA32/DEBUG_VS2019/IA32/MdePkg/Library/UefiDevicePathLib/UefiDevicePathLib/OUTPUT/UefiDevicePathLib.lib
g:/edk2/edk2/Build/EmulatorIA32/DEBUG_VS2019/IA32/MdeModulePkg/Library/PeiDxeDebugLibReportStatusCode/PeiDxeDebugLibReportStatusCode/OUTPUT/PeiDxeDebugLibReportStatusCode.lib
g:/edk2/edk2/Build/EmulatorIA32/DEBUG_VS2019/IA32/MdePkg/Library/BaseMemoryLib/BaseMemoryLib/OUTPUT/BaseMemoryLib.lib
g:/edk2/edk2/Build/EmulatorIA32/DEBUG_VS2019/IA32/MdePkg/Library/BaseLib/BaseLib/OUTPUT/BaseLib.lib
g:/edk2/edk2/Build/EmulatorIA32/DEBUG_VS2019/IA32/MdePkg/Library/UefiMemoryAllocationLib/UefiMemoryAllocationLib/OUTPUT/UefiMemoryAllocationLib.lib
g:/edk2/edk2/Build/EmulatorIA32/DEBUG_VS2019/IA32/MdePkg/Library/UefiBootServicesTableLib/UefiBootServicesTableLib/OUTPUT/UefiBootServicesTableLib.lib
g:/edk2/edk2/Build/EmulatorIA32/DEBUG_VS2019/IA32/MdePkg/Library/UefiRuntimeServicesTableLib/UefiRuntimeServicesTableLib/OUTPUT/UefiRuntimeServicesTableLib.lib
g:/edk2/edk2/Build/EmulatorIA32/DEBUG_VS2019/IA32/MdeModulePkg/Library/UefiHiiServicesLib/UefiHiiServicesLib/OUTPUT/UefiHiiServicesLib.lib
g:/edk2/edk2/Build/EmulatorIA32/DEBUG_VS2019/IA32/MdePkg/Library/UefiLib/UefiLib/OUTPUT/UefiLib.lib
g:/edk2/edk2/Build/EmulatorIA32/DEBUG_VS2019/IA32/MdeModulePkg/Library/BaseSortLib/BaseSortLib/OUTPUT/BaseSortLib.lib
g:/edk2/edk2/Build/EmulatorIA32/DEBUG_VS2019/IA32/MdePkg/Library/UefiFileHandleLib/UefiFileHandleLib/OUTPUT/UefiFileHandleLib.lib
g:/edk2/edk2/Build/EmulatorIA32/DEBUG_VS2019/IA32/MdeModulePkg/Library/UefiHiiLib/UefiHiiLib/OUTPUT/UefiHiiLib.lib
g:/edk2/edk2/Build/EmulatorIA32/DEBUG_VS2019/IA32/ShellPkg/Library/UefiShellLib/UefiShellLib/OUTPUT/UefiShellLib.lib
g:/edk2/edk2/Build/EmulatorIA32/DEBUG_VS2019/IA32/MdePkg/Library/UefiDriverEntryPoint/UefiDriverEntryPoint/OUTPUT/UefiDriverEntryPoint.lib
g:/edk2/edk2/Build/EmulatorIA32/DEBUG_VS2019/IA32/NetworkPkg/Library/DxeNetLib/DxeNetLib/OUTPUT/DxeNetLib.lib
g:/edk2/edk2/Build/EmulatorIA32/DEBUG_VS2019/IA32/MdePkg/Library/StackCheckLibNull/StackCheckLibNull/OUTPUT/StackCheckLibNull.lib
g:/edk2/edk2/Build/EmulatorIA32/DEBUG_VS2019/IA32/ShellPkg/DynamicCommand/TftpDynamicCommand/TftpDynamicCommand/OUTPUT/tftpDynamicCommandhii.lib