g:/edk2/edk2/Build/EmulatorIA32/DEBUG_VS2019/IA32/MdeModulePkg/Core/Pei/PeiMain/OUTPUT/PeiCore.lib
g:/edk2/edk2/Build/EmulatorIA32/DEBUG_VS2019/IA32/MdeModulePkg/Library/OemHookStatusCodeLibNull/OemHookStatusCodeLibNull/OUTPUT/OemHookStatusCodeLibNull.lib
g:/edk2/edk2/Build/EmulatorIA32/DEBUG_VS2019/IA32/MdePkg/Library/RegisterFilterLibNull/RegisterFilterLibNull/OUTPUT/FilterLibNull.lib
g:/edk2/edk2/Build/EmulatorIA32/DEBUG_VS2019/IA32/MdePkg/Library/BaseDebugPrintErrorLevelLib/BaseDebugPrintErrorLevelLib/OUTPUT/BaseDebugPrintErrorLevelLib.lib
g:/edk2/edk2/Build/EmulatorIA32/DEBUG_VS2019/IA32/MdePkg/Library/BasePcdLibNull/BasePcdLibNull/OUTPUT/BasePcdLibNull.lib
g:/edk2/edk2/Build/EmulatorIA32/DEBUG_VS2019/IA32/EmulatorPkg/Library/PeiServicesTablePointerLibMagicPage/PeiServicesTablePointerLibMagicPage/OUTPUT/EmulatorPkgPeiServicesTablePointerLib.lib
g:/edk2/edk2/Build/EmulatorIA32/DEBUG_VS2019/IA32/MdePkg/Library/PeiMemoryAllocationLib/PeiMemoryAllocationLib/OUTPUT/PeiMemoryAllocationLib.lib
g:/edk2/edk2/Build/EmulatorIA32/DEBUG_VS2019/IA32/MdeModulePkg/Library/PeiDxeDebugLibReportStatusCode/PeiDxeDebugLibReportStatusCode/OUTPUT/PeiDxeDebugLibReportStatusCode.lib
g:/edk2/edk2/Build/EmulatorIA32/DEBUG_VS2019/IA32/MdePkg/Library/BaseLib/BaseLib/OUTPUT/BaseLib.lib
g:/edk2/edk2/Build/EmulatorIA32/DEBUG_VS2019/IA32/MdePkg/Library/PeiHobLib/PeiHobLib/OUTPUT/PeiHobLib.lib
g:/edk2/edk2/Build/EmulatorIA32/DEBUG_VS2019/IA32/MdePkg/Library/PeiServicesLib/PeiServicesLib/OUTPUT/PeiServicesLib.lib
g:/edk2/edk2/Build/EmulatorIA32/DEBUG_VS2019/IA32/MdeModulePkg/Library/PeiReportStatusCodeLib/PeiReportStatusCodeLib/OUTPUT/PeiReportStatusCodeLib.lib
g:/edk2/edk2/Build/EmulatorIA32/DEBUG_VS2019/IA32/MdePkg/Library/BaseMemoryLib/BaseMemoryLib/OUTPUT/BaseMemoryLib.lib
g:/edk2/edk2/Build/EmulatorIA32/DEBUG_VS2019/IA32/EmulatorPkg/Library/PeiEmuPeCoffExtraActionLib/PeiEmuPeCoffExtraActionLib/OUTPUT/PeiEmuPeCoffExtraActionLib.lib
g:/edk2/edk2/Build/EmulatorIA32/DEBUG_VS2019/IA32/EmulatorPkg/Library/PeiEmuPeCoffGetEntryPointLib/PeiEmuPeCoffGetEntryPointLib/OUTPUT/PeiEmuPeCoffGetEntryPointLib.lib
g:/edk2/edk2/Build/EmulatorIA32/DEBUG_VS2019/IA32/MdePkg/Library/BasePerformanceLibNull/BasePerformanceLibNull/OUTPUT/BasePerformanceLibNull.lib
g:/edk2/edk2/Build/EmulatorIA32/DEBUG_VS2019/IA32/MdePkg/Library/PeiCoreEntryPoint/PeiCoreEntryPoint/OUTPUT/PeiCoreEntryPoint.lib
g:/edk2/edk2/Build/EmulatorIA32/DEBUG_VS2019/IA32/MdePkg/Library/BaseCacheMaintenanceLib/BaseCacheMaintenanceLib/OUTPUT/BaseCacheMaintenanceLib.lib
g:/edk2/edk2/Build/EmulatorIA32/DEBUG_VS2019/IA32/MdePkg/Library/BasePeCoffLib/BasePeCoffLib/OUTPUT/BasePeCoffLib.lib
g:/edk2/edk2/Build/EmulatorIA32/DEBUG_VS2019/IA32/EmulatorPkg/Library/PeiTimerLib/PeiTimerLib/OUTPUT/EmuPeiTimerLib.lib
g:/edk2/edk2/Build/EmulatorIA32/DEBUG_VS2019/IA32/MdePkg/Library/BaseSafeIntLib/BaseSafeIntLib/OUTPUT/BaseSafeIntLib.lib
g:/edk2/edk2/Build/EmulatorIA32/DEBUG_VS2019/IA32/MdePkg/Library/StackCheckLibNull/StackCheckLibNull/OUTPUT/StackCheckLibNull.lib